# JRE version: OpenJDK Runtime Environment (8.0_242-b01) (build 1.8.0_242-release-1644-b01)
# Java VM: OpenJDK 64-Bit Server VM (25.242-b01 mixed mode windows-amd64 compressed oops)
Heap:
 PSYoungGen      total 561664K, used 531457K [0x00000000d5580000, 0x0000000100000000, 0x0000000100000000)
  eden space 458240K, 100% used [0x00000000d5580000,0x00000000f1500000,0x00000000f1500000)
  from space 103424K, 70% used [0x00000000f1500000,0x00000000f5c80470,0x00000000f7a00000)
  to   space 107520K, 38% used [0x00000000f9700000,0x00000000fbf831b0,0x0000000100000000)
 ParOldGen       total 511488K, used 177789K [0x0000000080000000, 0x000000009f380000, 0x00000000d5580000)
  object space 511488K, 34% used [0x0000000080000000,0x000000008ad9f4a0,0x000000009f380000)
 Metaspace       used 178319K, capacity 189968K, committed 190232K, reserved 1214464K
  class space    used 23988K, capacity 26068K, committed 26160K, reserved 1048576K
GC Heap History (10 events):
Event: 401.214 GC heap after
Heap after GC invocations=30 (full 5):
 PSYoungGen      total 497152K, used 24729K [0x00000000d5580000, 0x00000000fd280000, 0x0000000100000000)
  eden space 380416K, 0% used [0x00000000d5580000,0x00000000d5580000,0x00000000ec900000)
  from space 116736K, 21% used [0x00000000ec900000,0x00000000ee1267c8,0x00000000f3b00000)
  to   space 113664K, 0% used [0x00000000f6380000,0x00000000f6380000,0x00000000fd280000)
 ParOldGen       total 511488K, used 177749K [0x0000000080000000, 0x000000009f380000, 0x00000000d5580000)
  object space 511488K, 34% used [0x0000000080000000,0x000000008ad954a0,0x000000009f380000)
 Metaspace       used 139339K, capacity 146332K, committed 146584K, reserved 1175552K
  class space    used 18600K, capacity 19841K, committed 19888K, reserved 1048576K
}
Event: 515.126 GC heap before
{Heap before GC invocations=31 (full 5):
 PSYoungGen      total 497152K, used 405145K [0x00000000d5580000, 0x00000000fd280000, 0x0000000100000000)
  eden space 380416K, 100% used [0x00000000d5580000,0x00000000ec900000,0x00000000ec900000)
  from space 116736K, 21% used [0x00000000ec900000,0x00000000ee1267c8,0x00000000f3b00000)
  to   space 113664K, 0% used [0x00000000f6380000,0x00000000f6380000,0x00000000fd280000)
 ParOldGen       total 511488K, used 177749K [0x0000000080000000, 0x000000009f380000, 0x00000000d5580000)
  object space 511488K, 34% used [0x0000000080000000,0x000000008ad954a0,0x000000009f380000)
 Metaspace       used 154324K, capacity 162670K, committed 162968K, reserved 1189888K
  class space    used 20365K, capacity 21849K, committed 21936K, reserved 1048576K
Event: 515.154 GC heap after
Heap after GC invocations=31 (full 5):
 PSYoungGen      total 512000K, used 46183K [0x00000000d5580000, 0x00000000fbf80000, 0x0000000100000000)
  eden space 417792K, 0% used [0x00000000d5580000,0x00000000d5580000,0x00000000eed80000)
  from space 94208K, 49% used [0x00000000f6380000,0x00000000f9099c20,0x00000000fbf80000)
  to   space 107520K, 0% used [0x00000000eed80000,0x00000000eed80000,0x00000000f5680000)
 ParOldGen       total 511488K, used 177757K [0x0000000080000000, 0x000000009f380000, 0x00000000d5580000)
  object space 511488K, 34% used [0x0000000080000000,0x000000008ad974a0,0x000000009f380000)
 Metaspace       used 154324K, capacity 162670K, committed 162968K, reserved 1189888K
  class space    used 20365K, capacity 21849K, committed 21936K, reserved 1048576K
}
Event: 517.673 GC heap before
{Heap before GC invocations=32 (full 5):
 PSYoungGen      total 512000K, used 463975K [0x00000000d5580000, 0x00000000fbf80000, 0x0000000100000000)
  eden space 417792K, 100% used [0x00000000d5580000,0x00000000eed80000,0x00000000eed80000)
  from space 94208K, 49% used [0x00000000f6380000,0x00000000f9099c20,0x00000000fbf80000)
  to   space 107520K, 0% used [0x00000000eed80000,0x00000000eed80000,0x00000000f5680000)
 ParOldGen       total 511488K, used 177757K [0x0000000080000000, 0x000000009f380000, 0x00000000d5580000)
  object space 511488K, 34% used [0x0000000080000000,0x000000008ad974a0,0x000000009f380000)
 Metaspace       used 166582K, capacity 175424K, committed 175640K, reserved 1202176K
  class space    used 22144K, capacity 23744K, committed 23856K, reserved 1048576K
Event: 517.710 GC heap after
Heap after GC invocations=32 (full 5):
 PSYoungGen      total 525312K, used 50305K [0x00000000d5580000, 0x00000000fdf00000, 0x0000000100000000)
  eden space 417792K, 0% used [0x00000000d5580000,0x00000000d5580000,0x00000000eed80000)
  from space 107520K, 46% used [0x00000000eed80000,0x00000000f1ea04c8,0x00000000f5680000)
  to   space 103424K, 0% used [0x00000000f7a00000,0x00000000f7a00000,0x00000000fdf00000)
 ParOldGen       total 511488K, used 177765K [0x0000000080000000, 0x000000009f380000, 0x00000000d5580000)
  object space 511488K, 34% used [0x0000000080000000,0x000000008ad994a0,0x000000009f380000)
 Metaspace       used 166582K, capacity 175424K, committed 175640K, reserved 1202176K
  class space    used 22144K, capacity 23744K, committed 23856K, reserved 1048576K
}
Event: 519.167 GC heap before
{Heap before GC invocations=33 (full 5):
 PSYoungGen      total 525312K, used 468097K [0x00000000d5580000, 0x00000000fdf00000, 0x0000000100000000)
  eden space 417792K, 100% used [0x00000000d5580000,0x00000000eed80000,0x00000000eed80000)
  from space 107520K, 46% used [0x00000000eed80000,0x00000000f1ea04c8,0x00000000f5680000)
  to   space 103424K, 0% used [0x00000000f7a00000,0x00000000f7a00000,0x00000000fdf00000)
 ParOldGen       total 511488K, used 177765K [0x0000000080000000, 0x000000009f380000, 0x00000000d5580000)
  object space 511488K, 34% used [0x0000000080000000,0x000000008ad994a0,0x000000009f380000)
 Metaspace       used 176936K, capacity 188478K, committed 188568K, reserved 1212416K
  class space    used 23915K, capacity 25993K, committed 26032K, reserved 1048576K
Event: 519.209 GC heap after
Heap after GC invocations=33 (full 5):
 PSYoungGen      total 561664K, used 60843K [0x00000000d5580000, 0x00000000fe480000, 0x0000000100000000)
  eden space 458240K, 0% used [0x00000000d5580000,0x00000000d5580000,0x00000000f1500000)
  from space 103424K, 58% used [0x00000000f7a00000,0x00000000fb56adc0,0x00000000fdf00000)
  to   space 103424K, 0% used [0x00000000f1500000,0x00000000f1500000,0x00000000f7a00000)
 ParOldGen       total 511488K, used 177773K [0x0000000080000000, 0x000000009f380000, 0x00000000d5580000)
  object space 511488K, 34% used [0x0000000080000000,0x000000008ad9b4a0,0x000000009f380000)
 Metaspace       used 176936K, capacity 188478K, committed 188568K, reserved 1212416K
  class space    used 23915K, capacity 25993K, committed 26032K, reserved 1048576K
}
Event: 519.971 GC heap before
{Heap before GC invocations=34 (full 5):
 PSYoungGen      total 561664K, used 519083K [0x00000000d5580000, 0x00000000fe480000, 0x0000000100000000)
  eden space 458240K, 100% used [0x00000000d5580000,0x00000000f1500000,0x00000000f1500000)
  from space 103424K, 58% used [0x00000000f7a00000,0x00000000fb56adc0,0x00000000fdf00000)
  to   space 103424K, 0% used [0x00000000f1500000,0x00000000f1500000,0x00000000f7a00000)
 ParOldGen       total 511488K, used 177773K [0x0000000080000000, 0x000000009f380000, 0x00000000d5580000)
  object space 511488K, 34% used [0x0000000080000000,0x000000008ad9b4a0,0x000000009f380000)
 Metaspace       used 177804K, capacity 189426K, committed 189720K, reserved 1212416K
  class space    used 23971K, capacity 26059K, committed 26160K, reserved 1048576K
Event: 520.001 GC heap after
Heap after GC invocations=34 (full 5):
 PSYoungGen      total 561664K, used 73217K [0x00000000d5580000, 0x0000000100000000, 0x0000000100000000)
  eden space 458240K, 0% used [0x00000000d5580000,0x00000000d5580000,0x00000000f1500000)
  from space 103424K, 70% used [0x00000000f1500000,0x00000000f5c80470,0x00000000f7a00000)
  to   space 107520K, 0% used [0x00000000f9700000,0x00000000f9700000,0x0000000100000000)
 ParOldGen       total 511488K, used 177781K [0x0000000080000000, 0x000000009f380000, 0x00000000d5580000)
  object space 511488K, 34% used [0x0000000080000000,0x000000008ad9d4a0,0x000000009f380000)
 Metaspace       used 177804K, capacity 189426K, committed 189720K, reserved 1212416K
  class space    used 23971K, capacity 26059K, committed 26160K, reserved 1048576K
}
Event: 520.818 GC heap before
{Heap before GC invocations=35 (full 5):
 PSYoungGen      total 561664K, used 531457K [0x00000000d5580000, 0x0000000100000000, 0x0000000100000000)
  eden space 458240K, 100% used [0x00000000d5580000,0x00000000f1500000,0x00000000f1500000)
  from space 103424K, 70% used [0x00000000f1500000,0x00000000f5c80470,0x00000000f7a00000)
  to   space 107520K, 0% used [0x00000000f9700000,0x00000000f9700000,0x0000000100000000)
 ParOldGen       total 511488K, used 177781K [0x0000000080000000, 0x000000009f380000, 0x00000000d5580000)
  object space 511488K, 34% used [0x0000000080000000,0x000000008ad9d4a0,0x000000009f380000)
 Metaspace       used 178319K, capacity 189968K, committed 190232K, reserved 1214464K
  class space    used 23988K, capacity 26068K, committed 26160K, reserved 1048576K

