# JRE version: OpenJDK Runtime Environment (8.0_242-b01) (build 1.8.0_242-release-1644-b01)
# Java VM: OpenJDK 64-Bit Server VM (25.242-b01 mixed mode windows-amd64 compressed oops)
Heap:
 PSYoungGen      total 583168K, used 318924K [0x00000000d5580000, 0x00000000fff80000, 0x0000000100000000)
  eden space 467968K, 66% used [0x00000000d5580000,0x00000000e85d8168,0x00000000f1e80000)
  from space 115200K, 6% used [0x00000000f8f00000,0x00000000f961aff8,0x00000000fff80000)
  to   space 115200K, 0% used [0x00000000f1e80000,0x00000000f1e80000,0x00000000f8f00000)
 ParOldGen       total 463360K, used 308186K [0x0000000080000000, 0x000000009c480000, 0x00000000d5580000)
  object space 463360K, 66% used [0x0000000080000000,0x0000000092cf6b68,0x000000009c480000)
 Metaspace       used 139421K, capacity 151604K, committed 151720K, reserved 1181696K
  class space    used 18039K, capacity 20065K, committed 20144K, reserved 1048576K
GC Heap History (10 events):
Event: 5229.245 GC heap before
{Heap before GC invocations=67 (full 5):
 PSYoungGen      total 574976K, used 492456K [0x00000000d5580000, 0x0000000100000000, 0x0000000100000000)
  eden space 459776K, 100% used [0x00000000d5580000,0x00000000f1680000,0x00000000f1680000)
  from space 115200K, 28% used [0x00000000f1680000,0x00000000f366a128,0x00000000f8700000)
  to   space 115200K, 0% used [0x00000000f8f80000,0x00000000f8f80000,0x0000000100000000)
 ParOldGen       total 463360K, used 272874K [0x0000000080000000, 0x000000009c480000, 0x00000000d5580000)
  object space 463360K, 58% used [0x0000000080000000,0x0000000090a7aa18,0x000000009c480000)
 Metaspace       used 139311K, capacity 151458K, committed 151720K, reserved 1181696K
  class space    used 18036K, capacity 20064K, committed 20144K, reserved 1048576K
Event: 5229.263 GC heap after
Heap after GC invocations=67 (full 5):
 PSYoungGen      total 583680K, used 27351K [0x00000000d5580000, 0x0000000100000000, 0x0000000100000000)
  eden space 468480K, 0% used [0x00000000d5580000,0x00000000d5580000,0x00000000f1f00000)
  from space 115200K, 23% used [0x00000000f8f80000,0x00000000faa35f90,0x0000000100000000)
  to   space 115200K, 0% used [0x00000000f1f00000,0x00000000f1f00000,0x00000000f8f80000)
 ParOldGen       total 463360K, used 279450K [0x0000000080000000, 0x000000009c480000, 0x00000000d5580000)
  object space 463360K, 60% used [0x0000000080000000,0x00000000910e6a88,0x000000009c480000)
 Metaspace       used 139311K, capacity 151458K, committed 151720K, reserved 1181696K
  class space    used 18036K, capacity 20064K, committed 20144K, reserved 1048576K
}
Event: 5229.538 GC heap before
{Heap before GC invocations=68 (full 5):
 PSYoungGen      total 583680K, used 495831K [0x00000000d5580000, 0x0000000100000000, 0x0000000100000000)
  eden space 468480K, 100% used [0x00000000d5580000,0x00000000f1f00000,0x00000000f1f00000)
  from space 115200K, 23% used [0x00000000f8f80000,0x00000000faa35f90,0x0000000100000000)
  to   space 115200K, 0% used [0x00000000f1f00000,0x00000000f1f00000,0x00000000f8f80000)
 ParOldGen       total 463360K, used 279450K [0x0000000080000000, 0x000000009c480000, 0x00000000d5580000)
  object space 463360K, 60% used [0x0000000080000000,0x00000000910e6a88,0x000000009c480000)
 Metaspace       used 139327K, capacity 151458K, committed 151720K, reserved 1181696K
  class space    used 18036K, capacity 20064K, committed 20144K, reserved 1048576K
Event: 5229.552 GC heap after
Heap after GC invocations=68 (full 5):
 PSYoungGen      total 583680K, used 24094K [0x00000000d5580000, 0x0000000100000000, 0x0000000100000000)
  eden space 468480K, 0% used [0x00000000d5580000,0x00000000d5580000,0x00000000f1f00000)
  from space 115200K, 20% used [0x00000000f1f00000,0x00000000f3687b20,0x00000000f8f80000)
  to   space 115200K, 0% used [0x00000000f8f80000,0x00000000f8f80000,0x0000000100000000)
 ParOldGen       total 463360K, used 284945K [0x0000000080000000, 0x000000009c480000, 0x00000000d5580000)
  object space 463360K, 61% used [0x0000000080000000,0x0000000091644670,0x000000009c480000)
 Metaspace       used 139327K, capacity 151458K, committed 151720K, reserved 1181696K
  class space    used 18036K, capacity 20064K, committed 20144K, reserved 1048576K
}
Event: 5229.863 GC heap before
{Heap before GC invocations=69 (full 5):
 PSYoungGen      total 583680K, used 492574K [0x00000000d5580000, 0x0000000100000000, 0x0000000100000000)
  eden space 468480K, 100% used [0x00000000d5580000,0x00000000f1f00000,0x00000000f1f00000)
  from space 115200K, 20% used [0x00000000f1f00000,0x00000000f3687b20,0x00000000f8f80000)
  to   space 115200K, 0% used [0x00000000f8f80000,0x00000000f8f80000,0x0000000100000000)
 ParOldGen       total 463360K, used 284945K [0x0000000080000000, 0x000000009c480000, 0x00000000d5580000)
  object space 463360K, 61% used [0x0000000080000000,0x0000000091644670,0x000000009c480000)
 Metaspace       used 139338K, capacity 151522K, committed 151720K, reserved 1181696K
  class space    used 18036K, capacity 20064K, committed 20144K, reserved 1048576K
Event: 5229.879 GC heap after
Heap after GC invocations=69 (full 5):
 PSYoungGen      total 582656K, used 12876K [0x00000000d5580000, 0x0000000100000000, 0x0000000100000000)
  eden space 467456K, 0% used [0x00000000d5580000,0x00000000d5580000,0x00000000f1e00000)
  from space 115200K, 11% used [0x00000000f8f80000,0x00000000f9c13298,0x0000000100000000)
  to   space 115712K, 0% used [0x00000000f1e00000,0x00000000f1e00000,0x00000000f8f00000)
 ParOldGen       total 463360K, used 294359K [0x0000000080000000, 0x000000009c480000, 0x00000000d5580000)
  object space 463360K, 63% used [0x0000000080000000,0x0000000091f75fd8,0x000000009c480000)
 Metaspace       used 139338K, capacity 151522K, committed 151720K, reserved 1181696K
  class space    used 18036K, capacity 20064K, committed 20144K, reserved 1048576K
}
Event: 5230.236 GC heap before
{Heap before GC invocations=70 (full 5):
 PSYoungGen      total 582656K, used 480332K [0x00000000d5580000, 0x0000000100000000, 0x0000000100000000)
  eden space 467456K, 100% used [0x00000000d5580000,0x00000000f1e00000,0x00000000f1e00000)
  from space 115200K, 11% used [0x00000000f8f80000,0x00000000f9c13298,0x0000000100000000)
  to   space 115712K, 0% used [0x00000000f1e00000,0x00000000f1e00000,0x00000000f8f00000)
 ParOldGen       total 463360K, used 294359K [0x0000000080000000, 0x000000009c480000, 0x00000000d5580000)
  object space 463360K, 63% used [0x0000000080000000,0x0000000091f75fd8,0x000000009c480000)
 Metaspace       used 139377K, capacity 151530K, committed 151720K, reserved 1181696K
  class space    used 18036K, capacity 20064K, committed 20144K, reserved 1048576K
Event: 5230.246 GC heap after
Heap after GC invocations=70 (full 5):
 PSYoungGen      total 583168K, used 13901K [0x00000000d5580000, 0x00000000fff80000, 0x0000000100000000)
  eden space 467456K, 0% used [0x00000000d5580000,0x00000000d5580000,0x00000000f1e00000)
  from space 115712K, 12% used [0x00000000f1e00000,0x00000000f2b937a8,0x00000000f8f00000)
  to   space 115200K, 0% used [0x00000000f8f00000,0x00000000f8f00000,0x00000000fff80000)
 ParOldGen       total 463360K, used 298465K [0x0000000080000000, 0x000000009c480000, 0x00000000d5580000)
  object space 463360K, 64% used [0x0000000080000000,0x0000000092378660,0x000000009c480000)
 Metaspace       used 139377K, capacity 151530K, committed 151720K, reserved 1181696K
  class space    used 18036K, capacity 20064K, committed 20144K, reserved 1048576K
}
Event: 5230.529 GC heap before
{Heap before GC invocations=71 (full 5):
 PSYoungGen      total 583168K, used 481357K [0x00000000d5580000, 0x00000000fff80000, 0x0000000100000000)
  eden space 467456K, 100% used [0x00000000d5580000,0x00000000f1e00000,0x00000000f1e00000)
  from space 115712K, 12% used [0x00000000f1e00000,0x00000000f2b937a8,0x00000000f8f00000)
  to   space 115200K, 0% used [0x00000000f8f00000,0x00000000f8f00000,0x00000000fff80000)
 ParOldGen       total 463360K, used 298465K [0x0000000080000000, 0x000000009c480000, 0x00000000d5580000)
  object space 463360K, 64% used [0x0000000080000000,0x0000000092378660,0x000000009c480000)
 Metaspace       used 139398K, capacity 151534K, committed 151720K, reserved 1181696K
  class space    used 18036K, capacity 20064K, committed 20144K, reserved 1048576K
Event: 5230.540 GC heap after
Heap after GC invocations=71 (full 5):
 PSYoungGen      total 583168K, used 7275K [0x00000000d5580000, 0x00000000fff80000, 0x0000000100000000)
  eden space 467968K, 0% used [0x00000000d5580000,0x00000000d5580000,0x00000000f1e80000)
  from space 115200K, 6% used [0x00000000f8f00000,0x00000000f961aff8,0x00000000fff80000)
  to   space 115200K, 0% used [0x00000000f1e80000,0x00000000f1e80000,0x00000000f8f00000)
 ParOldGen       total 463360K, used 308186K [0x0000000080000000, 0x000000009c480000, 0x00000000d5580000)
  object space 463360K, 66% used [0x0000000080000000,0x0000000092cf6b68,0x000000009c480000)
 Metaspace       used 139398K, capacity 151534K, committed 151720K, reserved 1181696K
  class space    used 18036K, capacity 20064K, committed 20144K, reserved 1048576K
}

