# JRE version: OpenJDK Runtime Environment (8.0_242-b01) (build 1.8.0_242-release-1644-b01)
# Java VM: OpenJDK 64-Bit Server VM (25.242-b01 mixed mode windows-amd64 compressed oops)
Heap:
 PSYoungGen      total 628224K, used 566517K [0x00000000d5580000, 0x00000000ff580000, 0x0000000100000000)
  eden space 577536K, 95% used [0x00000000d5580000,0x00000000f6f88860,0x00000000f8980000)
  from space 50688K, 30% used [0x00000000fc400000,0x00000000fd334de0,0x00000000ff580000)
  to   space 55296K, 0% used [0x00000000f8980000,0x00000000f8980000,0x00000000fbf80000)
 ParOldGen       total 582656K, used 369315K [0x0000000080000000, 0x00000000a3900000, 0x00000000d5580000)
  object space 582656K, 63% used [0x0000000080000000,0x00000000968a8c58,0x00000000a3900000)
 Metaspace       used 225793K, capacity 241059K, committed 245464K, reserved 1261568K
  class space    used 29688K, capacity 32184K, committed 33304K, reserved 1048576K
GC Heap History (10 events):
Event: 2736.031 GC heap before
{Heap before GC invocations=92 (full 6):
 PSYoungGen      total 632832K, used 620481K [0x00000000d5580000, 0x0000000100000000, 0x0000000100000000)
  eden space 575488K, 100% used [0x00000000d5580000,0x00000000f8780000,0x00000000f8780000)
  from space 57344K, 78% used [0x00000000f8780000,0x00000000fb370738,0x00000000fbf80000)
  to   space 64000K, 0% used [0x00000000fc180000,0x00000000fc180000,0x0000000100000000)
 ParOldGen       total 582656K, used 334344K [0x0000000080000000, 0x00000000a3900000, 0x00000000d5580000)
  object space 582656K, 57% used [0x0000000080000000,0x0000000094682370,0x00000000a3900000)
 Metaspace       used 224829K, capacity 239885K, committed 244696K, reserved 1261568K
  class space    used 29567K, capacity 32009K, committed 33304K, reserved 1048576K
Event: 2736.057 GC heap after
Heap after GC invocations=92 (full 6):
 PSYoungGen      total 626688K, used 41072K [0x00000000d5580000, 0x0000000100000000, 0x0000000100000000)
  eden space 562688K, 0% used [0x00000000d5580000,0x00000000d5580000,0x00000000f7b00000)
  from space 64000K, 64% used [0x00000000fc180000,0x00000000fe99c248,0x0000000100000000)
  to   space 68096K, 0% used [0x00000000f7b00000,0x00000000f7b00000,0x00000000fbd80000)
 ParOldGen       total 582656K, used 337410K [0x0000000080000000, 0x00000000a3900000, 0x00000000d5580000)
  object space 582656K, 57% used [0x0000000080000000,0x0000000094980850,0x00000000a3900000)
 Metaspace       used 224829K, capacity 239885K, committed 244696K, reserved 1261568K
  class space    used 29567K, capacity 32009K, committed 33304K, reserved 1048576K
}
Event: 2737.322 GC heap before
{Heap before GC invocations=93 (full 6):
 PSYoungGen      total 626688K, used 603760K [0x00000000d5580000, 0x0000000100000000, 0x0000000100000000)
  eden space 562688K, 100% used [0x00000000d5580000,0x00000000f7b00000,0x00000000f7b00000)
  from space 64000K, 64% used [0x00000000fc180000,0x00000000fe99c248,0x0000000100000000)
  to   space 68096K, 0% used [0x00000000f7b00000,0x00000000f7b00000,0x00000000fbd80000)
 ParOldGen       total 582656K, used 337410K [0x0000000080000000, 0x00000000a3900000, 0x00000000d5580000)
  object space 582656K, 57% used [0x0000000080000000,0x0000000094980850,0x00000000a3900000)
 Metaspace       used 224831K, capacity 239885K, committed 244696K, reserved 1261568K
  class space    used 29567K, capacity 32009K, committed 33304K, reserved 1048576K
Event: 2737.357 GC heap after
Heap after GC invocations=93 (full 6):
 PSYoungGen      total 630784K, used 6880K [0x00000000d5580000, 0x00000000fff00000, 0x0000000100000000)
  eden space 562688K, 0% used [0x00000000d5580000,0x00000000d5580000,0x00000000f7b00000)
  from space 68096K, 10% used [0x00000000f7b00000,0x00000000f81b8010,0x00000000fbd80000)
  to   space 65536K, 0% used [0x00000000fbf00000,0x00000000fbf00000,0x00000000fff00000)
 ParOldGen       total 582656K, used 363339K [0x0000000080000000, 0x00000000a3900000, 0x00000000d5580000)
  object space 582656K, 62% used [0x0000000080000000,0x00000000962d2ed8,0x00000000a3900000)
 Metaspace       used 224831K, capacity 239885K, committed 244696K, reserved 1261568K
  class space    used 29567K, capacity 32009K, committed 33304K, reserved 1048576K
}
Event: 2738.681 GC heap before
{Heap before GC invocations=94 (full 6):
 PSYoungGen      total 630784K, used 569568K [0x00000000d5580000, 0x00000000fff00000, 0x0000000100000000)
  eden space 562688K, 100% used [0x00000000d5580000,0x00000000f7b00000,0x00000000f7b00000)
  from space 68096K, 10% used [0x00000000f7b00000,0x00000000f81b8010,0x00000000fbd80000)
  to   space 65536K, 0% used [0x00000000fbf00000,0x00000000fbf00000,0x00000000fff00000)
 ParOldGen       total 582656K, used 363339K [0x0000000080000000, 0x00000000a3900000, 0x00000000d5580000)
  object space 582656K, 62% used [0x0000000080000000,0x00000000962d2ed8,0x00000000a3900000)
 Metaspace       used 224835K, capacity 239885K, committed 244696K, reserved 1261568K
  class space    used 29567K, capacity 32009K, committed 33304K, reserved 1048576K
Event: 2738.698 GC heap after
Heap after GC invocations=94 (full 6):
 PSYoungGen      total 623104K, used 9984K [0x00000000d5580000, 0x00000000ff780000, 0x0000000100000000)
  eden space 565248K, 0% used [0x00000000d5580000,0x00000000d5580000,0x00000000f7d80000)
  from space 57856K, 17% used [0x00000000fbf00000,0x00000000fc8c0000,0x00000000ff780000)
  to   space 62464K, 0% used [0x00000000f7d80000,0x00000000f7d80000,0x00000000fba80000)
 ParOldGen       total 582656K, used 366941K [0x0000000080000000, 0x00000000a3900000, 0x00000000d5580000)
  object space 582656K, 62% used [0x0000000080000000,0x0000000096657598,0x00000000a3900000)
 Metaspace       used 224835K, capacity 239885K, committed 244696K, reserved 1261568K
  class space    used 29567K, capacity 32009K, committed 33304K, reserved 1048576K
}
Event: 2740.329 GC heap before
{Heap before GC invocations=95 (full 6):
 PSYoungGen      total 623104K, used 575232K [0x00000000d5580000, 0x00000000ff780000, 0x0000000100000000)
  eden space 565248K, 100% used [0x00000000d5580000,0x00000000f7d80000,0x00000000f7d80000)
  from space 57856K, 17% used [0x00000000fbf00000,0x00000000fc8c0000,0x00000000ff780000)
  to   space 62464K, 0% used [0x00000000f7d80000,0x00000000f7d80000,0x00000000fba80000)
 ParOldGen       total 582656K, used 366941K [0x0000000080000000, 0x00000000a3900000, 0x00000000d5580000)
  object space 582656K, 62% used [0x0000000080000000,0x0000000096657598,0x00000000a3900000)
 Metaspace       used 224839K, capacity 239885K, committed 244696K, reserved 1261568K
  class space    used 29567K, capacity 32009K, committed 33304K, reserved 1048576K
Event: 2740.350 GC heap after
Heap after GC invocations=95 (full 6):
 PSYoungGen      total 627712K, used 14624K [0x00000000d5580000, 0x00000000ffd80000, 0x0000000100000000)
  eden space 565248K, 0% used [0x00000000d5580000,0x00000000d5580000,0x00000000f7d80000)
  from space 62464K, 23% used [0x00000000f7d80000,0x00000000f8bc8000,0x00000000fba80000)
  to   space 58880K, 0% used [0x00000000fc400000,0x00000000fc400000,0x00000000ffd80000)
 ParOldGen       total 582656K, used 369315K [0x0000000080000000, 0x00000000a3900000, 0x00000000d5580000)
  object space 582656K, 63% used [0x0000000080000000,0x00000000968a8c58,0x00000000a3900000)
 Metaspace       used 224839K, capacity 239885K, committed 244696K, reserved 1261568K
  class space    used 29567K, capacity 32009K, committed 33304K, reserved 1048576K
}
Event: 2742.896 GC heap before
{Heap before GC invocations=96 (full 6):
 PSYoungGen      total 627712K, used 579872K [0x00000000d5580000, 0x00000000ffd80000, 0x0000000100000000)
  eden space 565248K, 100% used [0x00000000d5580000,0x00000000f7d80000,0x00000000f7d80000)
  from space 62464K, 23% used [0x00000000f7d80000,0x00000000f8bc8000,0x00000000fba80000)
  to   space 58880K, 0% used [0x00000000fc400000,0x00000000fc400000,0x00000000ffd80000)
 ParOldGen       total 582656K, used 369315K [0x0000000080000000, 0x00000000a3900000, 0x00000000d5580000)
  object space 582656K, 63% used [0x0000000080000000,0x00000000968a8c58,0x00000000a3900000)
 Metaspace       used 224843K, capacity 239885K, committed 244696K, reserved 1261568K
  class space    used 29567K, capacity 32009K, committed 33304K, reserved 1048576K
Event: 2742.915 GC heap after
Heap after GC invocations=96 (full 6):
 PSYoungGen      total 628224K, used 15571K [0x00000000d5580000, 0x00000000ff580000, 0x0000000100000000)
  eden space 577536K, 0% used [0x00000000d5580000,0x00000000d5580000,0x00000000f8980000)
  from space 50688K, 30% used [0x00000000fc400000,0x00000000fd334de0,0x00000000ff580000)
  to   space 55296K, 0% used [0x00000000f8980000,0x00000000f8980000,0x00000000fbf80000)
 ParOldGen       total 582656K, used 369315K [0x0000000080000000, 0x00000000a3900000, 0x00000000d5580000)
  object space 582656K, 63% used [0x0000000080000000,0x00000000968a8c58,0x00000000a3900000)
 Metaspace       used 224843K, capacity 239885K, committed 244696K, reserved 1261568K
  class space    used 29567K, capacity 32009K, committed 33304K, reserved 1048576K
}

