# JRE version: OpenJDK Runtime Environment (8.0_242-b01) (build 1.8.0_242-release-1644-b01)
# Java VM: OpenJDK 64-Bit Server VM (25.242-b01 mixed mode windows-amd64 compressed oops)
Heap:
 PSYoungGen      total 557056K, used 345407K [0x00000000d5580000, 0x0000000100000000, 0x0000000100000000)
  eden space 485888K, 56% used [0x00000000d5580000,0x00000000e61550b0,0x00000000f3000000)
  from space 71168K, 99% used [0x00000000f3000000,0x00000000f757aed8,0x00000000f7580000)
  to   space 87552K, 0% used [0x00000000faa80000,0x00000000faa80000,0x0000000100000000)
 ParOldGen       total 365568K, used 98540K [0x0000000080000000, 0x0000000096500000, 0x00000000d5580000)
  object space 365568K, 26% used [0x0000000080000000,0x000000008603b040,0x0000000096500000)
 Metaspace       used 103403K, capacity 109372K, committed 109720K, reserved 1144832K
  class space    used 13766K, capacity 14943K, committed 15024K, reserved 1048576K
GC Heap History (10 events):
Event: 435.041 GC heap before
{Heap before GC invocations=13 (full 3):
 PSYoungGen      total 467456K, used 467454K [0x00000000d5580000, 0x00000000fb280000, 0x0000000100000000)
  eden space 427520K, 100% used [0x00000000d5580000,0x00000000ef700000,0x00000000ef700000)
  from space 39936K, 99% used [0x00000000ef700000,0x00000000f1dffae0,0x00000000f1e00000)
  to   space 52736K, 0% used [0x00000000f7f00000,0x00000000f7f00000,0x00000000fb280000)
 ParOldGen       total 247296K, used 67878K [0x0000000080000000, 0x000000008f180000, 0x00000000d5580000)
  object space 247296K, 27% used [0x0000000080000000,0x0000000084249bb8,0x000000008f180000)
 Metaspace       used 88118K, capacity 92364K, committed 92440K, reserved 1128448K
  class space    used 11706K, capacity 12575K, committed 12592K, reserved 1048576K
Event: 435.072 GC heap after
Heap after GC invocations=13 (full 3):
 PSYoungGen      total 554496K, used 48025K [0x00000000d5580000, 0x00000000fb380000, 0x0000000100000000)
  eden space 501760K, 0% used [0x00000000d5580000,0x00000000d5580000,0x00000000f3f80000)
  from space 52736K, 91% used [0x00000000f7f00000,0x00000000fade65f8,0x00000000fb280000)
  to   space 59392K, 0% used [0x00000000f3f80000,0x00000000f3f80000,0x00000000f7980000)
 ParOldGen       total 247296K, used 86313K [0x0000000080000000, 0x000000008f180000, 0x00000000d5580000)
  object space 247296K, 34% used [0x0000000080000000,0x000000008544a6d0,0x000000008f180000)
 Metaspace       used 88118K, capacity 92364K, committed 92440K, reserved 1128448K
  class space    used 11706K, capacity 12575K, committed 12592K, reserved 1048576K
}
Event: 441.476 GC heap before
{Heap before GC invocations=14 (full 3):
 PSYoungGen      total 554496K, used 549785K [0x00000000d5580000, 0x00000000fb380000, 0x0000000100000000)
  eden space 501760K, 100% used [0x00000000d5580000,0x00000000f3f80000,0x00000000f3f80000)
  from space 52736K, 91% used [0x00000000f7f00000,0x00000000fade65f8,0x00000000fb280000)
  to   space 59392K, 0% used [0x00000000f3f80000,0x00000000f3f80000,0x00000000f7980000)
 ParOldGen       total 247296K, used 86313K [0x0000000080000000, 0x000000008f180000, 0x00000000d5580000)
  object space 247296K, 34% used [0x0000000080000000,0x000000008544a6d0,0x000000008f180000)
 Metaspace       used 92297K, capacity 96676K, committed 96792K, reserved 1132544K
  class space    used 12156K, capacity 13015K, committed 13104K, reserved 1048576K
Event: 441.496 GC heap after
Heap after GC invocations=14 (full 3):
 PSYoungGen      total 539648K, used 55185K [0x00000000d5580000, 0x00000000fb180000, 0x0000000100000000)
  eden space 484352K, 0% used [0x00000000d5580000,0x00000000d5580000,0x00000000f2e80000)
  from space 55296K, 99% used [0x00000000f3f80000,0x00000000f7564478,0x00000000f7580000)
  to   space 61440K, 0% used [0x00000000f7580000,0x00000000f7580000,0x00000000fb180000)
 ParOldGen       total 247296K, used 86321K [0x0000000080000000, 0x000000008f180000, 0x00000000d5580000)
  object space 247296K, 34% used [0x0000000080000000,0x000000008544c6d0,0x000000008f180000)
 Metaspace       used 92297K, capacity 96676K, committed 96792K, reserved 1132544K
  class space    used 12156K, capacity 13015K, committed 13104K, reserved 1048576K
}
Event: 442.001 GC heap before
{Heap before GC invocations=15 (full 3):
 PSYoungGen      total 539648K, used 318466K [0x00000000d5580000, 0x00000000fb180000, 0x0000000100000000)
  eden space 484352K, 54% used [0x00000000d5580000,0x00000000e569c6b0,0x00000000f2e80000)
  from space 55296K, 99% used [0x00000000f3f80000,0x00000000f7564478,0x00000000f7580000)
  to   space 61440K, 0% used [0x00000000f7580000,0x00000000f7580000,0x00000000fb180000)
 ParOldGen       total 247296K, used 86321K [0x0000000080000000, 0x000000008f180000, 0x00000000d5580000)
  object space 247296K, 34% used [0x0000000080000000,0x000000008544c6d0,0x000000008f180000)
 Metaspace       used 94026K, capacity 98418K, committed 98584K, reserved 1134592K
  class space    used 12387K, capacity 13264K, committed 13360K, reserved 1048576K
Event: 442.028 GC heap after
Heap after GC invocations=15 (full 3):
 PSYoungGen      total 547328K, used 48496K [0x00000000d5580000, 0x0000000100000000, 0x0000000100000000)
  eden space 485888K, 0% used [0x00000000d5580000,0x00000000d5580000,0x00000000f3000000)
  from space 61440K, 78% used [0x00000000f7580000,0x00000000fa4dc280,0x00000000fb180000)
  to   space 71168K, 0% used [0x00000000f3000000,0x00000000f3000000,0x00000000f7580000)
 ParOldGen       total 247296K, used 86329K [0x0000000080000000, 0x000000008f180000, 0x00000000d5580000)
  object space 247296K, 34% used [0x0000000080000000,0x000000008544e6d0,0x000000008f180000)
 Metaspace       used 94026K, capacity 98418K, committed 98584K, reserved 1134592K
  class space    used 12387K, capacity 13264K, committed 13360K, reserved 1048576K
}
Event: 442.028 GC heap before
{Heap before GC invocations=16 (full 4):
 PSYoungGen      total 547328K, used 48496K [0x00000000d5580000, 0x0000000100000000, 0x0000000100000000)
  eden space 485888K, 0% used [0x00000000d5580000,0x00000000d5580000,0x00000000f3000000)
  from space 61440K, 78% used [0x00000000f7580000,0x00000000fa4dc280,0x00000000fb180000)
  to   space 71168K, 0% used [0x00000000f3000000,0x00000000f3000000,0x00000000f7580000)
 ParOldGen       total 247296K, used 86329K [0x0000000080000000, 0x000000008f180000, 0x00000000d5580000)
  object space 247296K, 34% used [0x0000000080000000,0x000000008544e6d0,0x000000008f180000)
 Metaspace       used 94026K, capacity 98418K, committed 98584K, reserved 1134592K
  class space    used 12387K, capacity 13264K, committed 13360K, reserved 1048576K
Event: 442.189 GC heap after
Heap after GC invocations=16 (full 4):
 PSYoungGen      total 547328K, used 0K [0x00000000d5580000, 0x0000000100000000, 0x0000000100000000)
  eden space 485888K, 0% used [0x00000000d5580000,0x00000000d5580000,0x00000000f3000000)
  from space 61440K, 0% used [0x00000000f7580000,0x00000000f7580000,0x00000000fb180000)
  to   space 71168K, 0% used [0x00000000f3000000,0x00000000f3000000,0x00000000f7580000)
 ParOldGen       total 365568K, used 83989K [0x0000000080000000, 0x0000000096500000, 0x00000000d5580000)
  object space 365568K, 22% used [0x0000000080000000,0x0000000085205558,0x0000000096500000)
 Metaspace       used 93873K, capacity 98010K, committed 98584K, reserved 1134592K
  class space    used 12344K, capacity 13194K, committed 13360K, reserved 1048576K
}
Event: 1034.434 GC heap before
{Heap before GC invocations=17 (full 4):
 PSYoungGen      total 547328K, used 485888K [0x00000000d5580000, 0x0000000100000000, 0x0000000100000000)
  eden space 485888K, 100% used [0x00000000d5580000,0x00000000f3000000,0x00000000f3000000)
  from space 61440K, 0% used [0x00000000f7580000,0x00000000f7580000,0x00000000fb180000)
  to   space 71168K, 0% used [0x00000000f3000000,0x00000000f3000000,0x00000000f7580000)
 ParOldGen       total 365568K, used 83989K [0x0000000080000000, 0x0000000096500000, 0x00000000d5580000)
  object space 365568K, 22% used [0x0000000080000000,0x0000000085205558,0x0000000096500000)
 Metaspace       used 96866K, capacity 101504K, committed 101784K, reserved 1136640K
  class space    used 12672K, capacity 13633K, committed 13744K, reserved 1048576K
Event: 1034.463 GC heap after
Heap after GC invocations=17 (full 4):
 PSYoungGen      total 557056K, used 71147K [0x00000000d5580000, 0x0000000100000000, 0x0000000100000000)
  eden space 485888K, 0% used [0x00000000d5580000,0x00000000d5580000,0x00000000f3000000)
  from space 71168K, 99% used [0x00000000f3000000,0x00000000f757aed8,0x00000000f7580000)
  to   space 87552K, 0% used [0x00000000faa80000,0x00000000faa80000,0x0000000100000000)
 ParOldGen       total 365568K, used 98540K [0x0000000080000000, 0x0000000096500000, 0x00000000d5580000)
  object space 365568K, 26% used [0x0000000080000000,0x000000008603b040,0x0000000096500000)
 Metaspace       used 96866K, capacity 101504K, committed 101784K, reserved 1136640K
  class space    used 12672K, capacity 13633K, committed 13744K, reserved 1048576K
}

