# JRE version: OpenJDK Runtime Environment (8.0_242-b01) (build 1.8.0_242-release-1644-b01)
# Java VM: OpenJDK 64-Bit Server VM (25.242-b01 mixed mode windows-amd64 compressed oops)
Heap:
 PSYoungGen      total 488448K, used 153286K [0x00000000d5580000, 0x00000000fab00000, 0x0000000100000000)
  eden space 395264K, 19% used [0x00000000d5580000,0x00000000da1f4768,0x00000000ed780000)
  from space 93184K, 80% used [0x00000000f3a80000,0x00000000f83bd470,0x00000000f9580000)
  to   space 101376K, 0% used [0x00000000ed780000,0x00000000ed780000,0x00000000f3a80000)
 ParOldGen       total 402432K, used 183094K [0x0000000080000000, 0x0000000098900000, 0x00000000d5580000)
  object space 402432K, 45% used [0x0000000080000000,0x000000008b2cd928,0x0000000098900000)
 Metaspace       used 116440K, capacity 123878K, committed 124120K, reserved 1157120K
  class space    used 15160K, capacity 16623K, committed 16640K, reserved 1048576K
GC Heap History (10 events):
Event: 1719.593 GC heap before
{Heap before GC invocations=26 (full 4):
 PSYoungGen      total 371200K, used 341842K [0x00000000d5580000, 0x00000000f3c00000, 0x0000000100000000)
  eden space 298496K, 100% used [0x00000000d5580000,0x00000000e7900000,0x00000000e7900000)
  from space 72704K, 59% used [0x00000000e7900000,0x00000000ea354bf8,0x00000000ec000000)
  to   space 73728K, 0% used [0x00000000ef400000,0x00000000ef400000,0x00000000f3c00000)
 ParOldGen       total 402432K, used 144338K [0x0000000080000000, 0x0000000098900000, 0x00000000d5580000)
  object space 402432K, 35% used [0x0000000080000000,0x0000000088cf4a30,0x0000000098900000)
 Metaspace       used 105598K, capacity 112264K, committed 112600K, reserved 1146880K
  class space    used 13956K, capacity 15265K, committed 15360K, reserved 1048576K
Event: 1719.608 GC heap after
Heap after GC invocations=26 (full 4):
 PSYoungGen      total 422400K, used 29056K [0x00000000d5580000, 0x00000000f3700000, 0x0000000100000000)
  eden space 353792K, 0% used [0x00000000d5580000,0x00000000d5580000,0x00000000eaf00000)
  from space 68608K, 42% used [0x00000000ef400000,0x00000000f1060378,0x00000000f3700000)
  to   space 69632K, 0% used [0x00000000eaf00000,0x00000000eaf00000,0x00000000ef300000)
 ParOldGen       total 402432K, used 144346K [0x0000000080000000, 0x0000000098900000, 0x00000000d5580000)
  object space 402432K, 35% used [0x0000000080000000,0x0000000088cf6a30,0x0000000098900000)
 Metaspace       used 105598K, capacity 112264K, committed 112600K, reserved 1146880K
  class space    used 13956K, capacity 15265K, committed 15360K, reserved 1048576K
}
Event: 1720.469 GC heap before
{Heap before GC invocations=27 (full 4):
 PSYoungGen      total 422400K, used 382848K [0x00000000d5580000, 0x00000000f3700000, 0x0000000100000000)
  eden space 353792K, 100% used [0x00000000d5580000,0x00000000eaf00000,0x00000000eaf00000)
  from space 68608K, 42% used [0x00000000ef400000,0x00000000f1060378,0x00000000f3700000)
  to   space 69632K, 0% used [0x00000000eaf00000,0x00000000eaf00000,0x00000000ef300000)
 ParOldGen       total 402432K, used 144346K [0x0000000080000000, 0x0000000098900000, 0x00000000d5580000)
  object space 402432K, 35% used [0x0000000080000000,0x0000000088cf6a30,0x0000000098900000)
 Metaspace       used 106564K, capacity 113192K, committed 113368K, reserved 1146880K
  class space    used 13973K, capacity 15267K, committed 15360K, reserved 1048576K
Event: 1720.479 GC heap after
Heap after GC invocations=27 (full 4):
 PSYoungGen      total 423424K, used 20279K [0x00000000d5580000, 0x00000000f6d00000, 0x0000000100000000)
  eden space 353792K, 0% used [0x00000000d5580000,0x00000000d5580000,0x00000000eaf00000)
  from space 69632K, 29% used [0x00000000eaf00000,0x00000000ec2cdce8,0x00000000ef300000)
  to   space 67072K, 0% used [0x00000000f2b80000,0x00000000f2b80000,0x00000000f6d00000)
 ParOldGen       total 402432K, used 144354K [0x0000000080000000, 0x0000000098900000, 0x00000000d5580000)
  object space 402432K, 35% used [0x0000000080000000,0x0000000088cf8a30,0x0000000098900000)
 Metaspace       used 106564K, capacity 113192K, committed 113368K, reserved 1146880K
  class space    used 13973K, capacity 15267K, committed 15360K, reserved 1048576K
}
Event: 1721.421 GC heap before
{Heap before GC invocations=28 (full 4):
 PSYoungGen      total 423424K, used 374042K [0x00000000d5580000, 0x00000000f6d00000, 0x0000000100000000)
  eden space 353792K, 99% used [0x00000000d5580000,0x00000000eaef8df8,0x00000000eaf00000)
  from space 69632K, 29% used [0x00000000eaf00000,0x00000000ec2cdce8,0x00000000ef300000)
  to   space 67072K, 0% used [0x00000000f2b80000,0x00000000f2b80000,0x00000000f6d00000)
 ParOldGen       total 402432K, used 144354K [0x0000000080000000, 0x0000000098900000, 0x00000000d5580000)
  object space 402432K, 35% used [0x0000000080000000,0x0000000088cf8a30,0x0000000098900000)
 Metaspace       used 107530K, capacity 114370K, committed 114520K, reserved 1148928K
  class space    used 14074K, capacity 15420K, committed 15488K, reserved 1048576K
Event: 1721.470 GC heap after
Heap after GC invocations=28 (full 4):
 PSYoungGen      total 420864K, used 67064K [0x00000000d5580000, 0x00000000f6d00000, 0x0000000100000000)
  eden space 353792K, 0% used [0x00000000d5580000,0x00000000d5580000,0x00000000eaf00000)
  from space 67072K, 99% used [0x00000000f2b80000,0x00000000f6cfe380,0x00000000f6d00000)
  to   space 69632K, 0% used [0x00000000eaf00000,0x00000000eaf00000,0x00000000ef300000)
 ParOldGen       total 402432K, used 183078K [0x0000000080000000, 0x0000000098900000, 0x00000000d5580000)
  object space 402432K, 45% used [0x0000000080000000,0x000000008b2c9928,0x0000000098900000)
 Metaspace       used 107530K, capacity 114370K, committed 114520K, reserved 1148928K
  class space    used 14074K, capacity 15420K, committed 15488K, reserved 1048576K
}
Event: 1723.400 GC heap before
{Heap before GC invocations=29 (full 4):
 PSYoungGen      total 420864K, used 420856K [0x00000000d5580000, 0x00000000f6d00000, 0x0000000100000000)
  eden space 353792K, 100% used [0x00000000d5580000,0x00000000eaf00000,0x00000000eaf00000)
  from space 67072K, 99% used [0x00000000f2b80000,0x00000000f6cfe380,0x00000000f6d00000)
  to   space 69632K, 0% used [0x00000000eaf00000,0x00000000eaf00000,0x00000000ef300000)
 ParOldGen       total 402432K, used 183078K [0x0000000080000000, 0x0000000098900000, 0x00000000d5580000)
  object space 402432K, 45% used [0x0000000080000000,0x000000008b2c9928,0x0000000098900000)
 Metaspace       used 113455K, capacity 120458K, committed 120664K, reserved 1153024K
  class space    used 14778K, capacity 16195K, committed 16256K, reserved 1048576K
Event: 1723.426 GC heap after
Heap after GC invocations=29 (full 4):
 PSYoungGen      total 423424K, used 54162K [0x00000000d5580000, 0x00000000f9580000, 0x0000000100000000)
  eden space 353792K, 0% used [0x00000000d5580000,0x00000000d5580000,0x00000000eaf00000)
  from space 69632K, 77% used [0x00000000eaf00000,0x00000000ee3e4808,0x00000000ef300000)
  to   space 93184K, 0% used [0x00000000f3a80000,0x00000000f3a80000,0x00000000f9580000)
 ParOldGen       total 402432K, used 183086K [0x0000000080000000, 0x0000000098900000, 0x00000000d5580000)
  object space 402432K, 45% used [0x0000000080000000,0x000000008b2cb928,0x0000000098900000)
 Metaspace       used 113455K, capacity 120458K, committed 120664K, reserved 1153024K
  class space    used 14778K, capacity 16195K, committed 16256K, reserved 1048576K
}
Event: 1724.282 GC heap before
{Heap before GC invocations=30 (full 4):
 PSYoungGen      total 423424K, used 407954K [0x00000000d5580000, 0x00000000f9580000, 0x0000000100000000)
  eden space 353792K, 100% used [0x00000000d5580000,0x00000000eaf00000,0x00000000eaf00000)
  from space 69632K, 77% used [0x00000000eaf00000,0x00000000ee3e4808,0x00000000ef300000)
  to   space 93184K, 0% used [0x00000000f3a80000,0x00000000f3a80000,0x00000000f9580000)
 ParOldGen       total 402432K, used 183086K [0x0000000080000000, 0x0000000098900000, 0x00000000d5580000)
  object space 402432K, 45% used [0x0000000080000000,0x000000008b2cb928,0x0000000098900000)
 Metaspace       used 115515K, capacity 122882K, committed 122968K, reserved 1155072K
  class space    used 15021K, capacity 16477K, committed 16512K, reserved 1048576K
Event: 1724.324 GC heap after
Heap after GC invocations=30 (full 4):
 PSYoungGen      total 488448K, used 74997K [0x00000000d5580000, 0x00000000fab00000, 0x0000000100000000)
  eden space 395264K, 0% used [0x00000000d5580000,0x00000000d5580000,0x00000000ed780000)
  from space 93184K, 80% used [0x00000000f3a80000,0x00000000f83bd470,0x00000000f9580000)
  to   space 101376K, 0% used [0x00000000ed780000,0x00000000ed780000,0x00000000f3a80000)
 ParOldGen       total 402432K, used 183094K [0x0000000080000000, 0x0000000098900000, 0x00000000d5580000)
  object space 402432K, 45% used [0x0000000080000000,0x000000008b2cd928,0x0000000098900000)
 Metaspace       used 115515K, capacity 122882K, committed 122968K, reserved 1155072K
  class space    used 15021K, capacity 16477K, committed 16512K, reserved 1048576K
}

