# JRE version: OpenJDK Runtime Environment (8.0_242-b01) (build 1.8.0_242-release-1644-b01)
# Java VM: OpenJDK 64-Bit Server VM (25.242-b01 mixed mode windows-amd64 compressed oops)
Heap:
 PSYoungGen      total 544768K, used 380409K [0x00000000d5580000, 0x00000000fff80000, 0x0000000100000000)
  eden space 401920K, 83% used [0x00000000d5580000,0x00000000e9e984f8,0x00000000ede00000)
  from space 142848K, 30% used [0x00000000ede00000,0x00000000f0866138,0x00000000f6980000)
  to   space 140800K, 0% used [0x00000000f7600000,0x00000000f7600000,0x00000000fff80000)
 ParOldGen       total 436224K, used 120340K [0x0000000080000000, 0x000000009aa00000, 0x00000000d5580000)
  object space 436224K, 27% used [0x0000000080000000,0x0000000087585000,0x000000009aa00000)
 Metaspace       used 163473K, capacity 173304K, committed 173524K, reserved 1200128K
  class space    used 21397K, capacity 23229K, committed 23276K, reserved 1048576K
GC Heap History (10 events):
Event: 7507.358 GC heap before
{Heap before GC invocations=56 (full 4):
 PSYoungGen      total 487424K, used 486922K [0x00000000d5580000, 0x00000000fd480000, 0x0000000100000000)
  eden space 391168K, 100% used [0x00000000d5580000,0x00000000ed380000,0x00000000ed380000)
  from space 96256K, 99% used [0x00000000ee000000,0x00000000f3d82810,0x00000000f3e00000)
  to   space 131584K, 0% used [0x00000000f5400000,0x00000000f5400000,0x00000000fd480000)
 ParOldGen       total 461824K, used 250377K [0x0000000080000000, 0x000000009c300000, 0x00000000d5580000)
  object space 461824K, 54% used [0x0000000080000000,0x000000008f4824a0,0x000000009c300000)
 Metaspace       used 130761K, capacity 138472K, committed 139032K, reserved 1169408K
  class space    used 16676K, capacity 18026K, committed 18224K, reserved 1048576K
Event: 7507.397 GC heap after
Heap after GC invocations=56 (full 4):
 PSYoungGen      total 510464K, used 101583K [0x00000000d5580000, 0x00000000fd480000, 0x0000000100000000)
  eden space 378880K, 0% used [0x00000000d5580000,0x00000000d5580000,0x00000000ec780000)
  from space 131584K, 77% used [0x00000000f5400000,0x00000000fb733fd0,0x00000000fd480000)
  to   space 137728K, 0% used [0x00000000ec780000,0x00000000ec780000,0x00000000f4e00000)
 ParOldGen       total 461824K, used 250385K [0x0000000080000000, 0x000000009c300000, 0x00000000d5580000)
  object space 461824K, 54% used [0x0000000080000000,0x000000008f4844a0,0x000000009c300000)
 Metaspace       used 130761K, capacity 138472K, committed 139032K, reserved 1169408K
  class space    used 16676K, capacity 18026K, committed 18224K, reserved 1048576K
}
Event: 7508.627 GC heap before
{Heap before GC invocations=57 (full 4):
 PSYoungGen      total 510464K, used 311401K [0x00000000d5580000, 0x00000000fd480000, 0x0000000100000000)
  eden space 378880K, 55% used [0x00000000d5580000,0x00000000e2266468,0x00000000ec780000)
  from space 131584K, 77% used [0x00000000f5400000,0x00000000fb733fd0,0x00000000fd480000)
  to   space 137728K, 0% used [0x00000000ec780000,0x00000000ec780000,0x00000000f4e00000)
 ParOldGen       total 461824K, used 250385K [0x0000000080000000, 0x000000009c300000, 0x00000000d5580000)
  object space 461824K, 54% used [0x0000000080000000,0x000000008f4844a0,0x000000009c300000)
 Metaspace       used 141982K, capacity 150178K, committed 150228K, reserved 1179648K
  class space    used 18448K, capacity 19928K, committed 19948K, reserved 1048576K
Event: 7508.676 GC heap after
Heap after GC invocations=57 (full 4):
 PSYoungGen      total 516608K, used 112446K [0x00000000d5580000, 0x00000000ffc00000, 0x0000000100000000)
  eden space 378880K, 0% used [0x00000000d5580000,0x00000000d5580000,0x00000000ec780000)
  from space 137728K, 81% used [0x00000000ec780000,0x00000000f354fa88,0x00000000f4e00000)
  to   space 146432K, 0% used [0x00000000f6d00000,0x00000000f6d00000,0x00000000ffc00000)
 ParOldGen       total 461824K, used 250393K [0x0000000080000000, 0x000000009c300000, 0x00000000d5580000)
  object space 461824K, 54% used [0x0000000080000000,0x000000008f4864a0,0x000000009c300000)
 Metaspace       used 141982K, capacity 150178K, committed 150228K, reserved 1179648K
  class space    used 18448K, capacity 19928K, committed 19948K, reserved 1048576K
}
Event: 7508.676 GC heap before
{Heap before GC invocations=58 (full 5):
 PSYoungGen      total 516608K, used 112446K [0x00000000d5580000, 0x00000000ffc00000, 0x0000000100000000)
  eden space 378880K, 0% used [0x00000000d5580000,0x00000000d5580000,0x00000000ec780000)
  from space 137728K, 81% used [0x00000000ec780000,0x00000000f354fa88,0x00000000f4e00000)
  to   space 146432K, 0% used [0x00000000f6d00000,0x00000000f6d00000,0x00000000ffc00000)
 ParOldGen       total 461824K, used 250393K [0x0000000080000000, 0x000000009c300000, 0x00000000d5580000)
  object space 461824K, 54% used [0x0000000080000000,0x000000008f4864a0,0x000000009c300000)
 Metaspace       used 141982K, capacity 150178K, committed 150228K, reserved 1179648K
  class space    used 18448K, capacity 19928K, committed 19948K, reserved 1048576K
Event: 7508.886 GC heap after
Heap after GC invocations=58 (full 5):
 PSYoungGen      total 516608K, used 0K [0x00000000d5580000, 0x00000000ffc00000, 0x0000000100000000)
  eden space 378880K, 0% used [0x00000000d5580000,0x00000000d5580000,0x00000000ec780000)
  from space 137728K, 0% used [0x00000000ec780000,0x00000000ec780000,0x00000000f4e00000)
  to   space 146432K, 0% used [0x00000000f6d00000,0x00000000f6d00000,0x00000000ffc00000)
 ParOldGen       total 436224K, used 120324K [0x0000000080000000, 0x000000009aa00000, 0x00000000d5580000)
  object space 436224K, 27% used [0x0000000080000000,0x0000000087581000,0x000000009aa00000)
 Metaspace       used 140102K, capacity 147116K, committed 150228K, reserved 1179648K
  class space    used 18187K, capacity 19435K, committed 19948K, reserved 1048576K
}
Event: 8335.394 GC heap before
{Heap before GC invocations=59 (full 5):
 PSYoungGen      total 516608K, used 378880K [0x00000000d5580000, 0x00000000ffc00000, 0x0000000100000000)
  eden space 378880K, 100% used [0x00000000d5580000,0x00000000ec780000,0x00000000ec780000)
  from space 137728K, 0% used [0x00000000ec780000,0x00000000ec780000,0x00000000f4e00000)
  to   space 146432K, 0% used [0x00000000f6d00000,0x00000000f6d00000,0x00000000ffc00000)
 ParOldGen       total 436224K, used 120324K [0x0000000080000000, 0x000000009aa00000, 0x00000000d5580000)
  object space 436224K, 27% used [0x0000000080000000,0x0000000087581000,0x000000009aa00000)
 Metaspace       used 152140K, capacity 159576K, committed 160212K, reserved 1187840K
  class space    used 19695K, capacity 21087K, committed 21228K, reserved 1048576K
Event: 8335.417 GC heap after
Heap after GC invocations=59 (full 5):
 PSYoungGen      total 541184K, used 55463K [0x00000000d5580000, 0x00000000ff500000, 0x0000000100000000)
  eden space 401920K, 0% used [0x00000000d5580000,0x00000000d5580000,0x00000000ede00000)
  from space 139264K, 39% used [0x00000000f6d00000,0x00000000fa329dd8,0x00000000ff500000)
  to   space 142848K, 0% used [0x00000000ede00000,0x00000000ede00000,0x00000000f6980000)
 ParOldGen       total 436224K, used 120332K [0x0000000080000000, 0x000000009aa00000, 0x00000000d5580000)
  object space 436224K, 27% used [0x0000000080000000,0x0000000087583000,0x000000009aa00000)
 Metaspace       used 152140K, capacity 159576K, committed 160212K, reserved 1187840K
  class space    used 19695K, capacity 21087K, committed 21228K, reserved 1048576K
}
Event: 8337.473 GC heap before
{Heap before GC invocations=60 (full 5):
 PSYoungGen      total 541184K, used 457383K [0x00000000d5580000, 0x00000000ff500000, 0x0000000100000000)
  eden space 401920K, 100% used [0x00000000d5580000,0x00000000ede00000,0x00000000ede00000)
  from space 139264K, 39% used [0x00000000f6d00000,0x00000000fa329dd8,0x00000000ff500000)
  to   space 142848K, 0% used [0x00000000ede00000,0x00000000ede00000,0x00000000f6980000)
 ParOldGen       total 436224K, used 120332K [0x0000000080000000, 0x000000009aa00000, 0x00000000d5580000)
  object space 436224K, 27% used [0x0000000080000000,0x0000000087583000,0x000000009aa00000)
 Metaspace       used 154189K, capacity 161824K, committed 162516K, reserved 1189888K
  class space    used 19883K, capacity 21345K, committed 21484K, reserved 1048576K
Event: 8337.487 GC heap after
Heap after GC invocations=60 (full 5):
 PSYoungGen      total 544768K, used 43416K [0x00000000d5580000, 0x00000000fff80000, 0x0000000100000000)
  eden space 401920K, 0% used [0x00000000d5580000,0x00000000d5580000,0x00000000ede00000)
  from space 142848K, 30% used [0x00000000ede00000,0x00000000f0866138,0x00000000f6980000)
  to   space 140800K, 0% used [0x00000000f7600000,0x00000000f7600000,0x00000000fff80000)
 ParOldGen       total 436224K, used 120340K [0x0000000080000000, 0x000000009aa00000, 0x00000000d5580000)
  object space 436224K, 27% used [0x0000000080000000,0x0000000087585000,0x000000009aa00000)
 Metaspace       used 154189K, capacity 161824K, committed 162516K, reserved 1189888K
  class space    used 19883K, capacity 21345K, committed 21484K, reserved 1048576K
}

