# JRE version: OpenJDK Runtime Environment (8.0_242-b01) (build 1.8.0_242-release-1644-b01)
# Java VM: OpenJDK 64-Bit Server VM (25.242-b01 mixed mode windows-amd64 compressed oops)
Heap:
 PSYoungGen      total 468480K, used 390204K [0x00000000d5580000, 0x00000000fc280000, 0x0000000100000000)
  eden space 391168K, 79% used [0x00000000d5580000,0x00000000e8710818,0x00000000ed380000)
  from space 77312K, 99% used [0x00000000ed380000,0x00000000f1efea68,0x00000000f1f00000)
  to   space 90112K, 0% used [0x00000000f6a80000,0x00000000f6a80000,0x00000000fc280000)
 ParOldGen       total 386560K, used 156006K [0x0000000080000000, 0x0000000097980000, 0x00000000d5580000)
  object space 386560K, 40% used [0x0000000080000000,0x00000000898599f8,0x0000000097980000)
 Metaspace       used 103745K, capacity 110039K, committed 110208K, reserved 1144832K
  class space    used 13681K, capacity 14881K, committed 14976K, reserved 1048576K
GC Heap History (10 events):
Event: 2038.981 GC heap before
{Heap before GC invocations=25 (full 3):
 PSYoungGen      total 347648K, used 105870K [0x00000000d5580000, 0x00000000f1b80000, 0x0000000100000000)
  eden space 309760K, 21% used [0x00000000d5580000,0x00000000d97ea4e0,0x00000000e8400000)
  from space 37888K, 99% used [0x00000000e8400000,0x00000000ea8f93e8,0x00000000ea900000)
  to   space 59904K, 0% used [0x00000000ee100000,0x00000000ee100000,0x00000000f1b80000)
 ParOldGen       total 214528K, used 139808K [0x0000000080000000, 0x000000008d180000, 0x00000000d5580000)
  object space 214528K, 65% used [0x0000000080000000,0x00000000888880a8,0x000000008d180000)
 Metaspace       used 92092K, capacity 98457K, committed 98496K, reserved 1134592K
  class space    used 12174K, capacity 13401K, committed 13440K, reserved 1048576K
Event: 2039.001 GC heap after
Heap after GC invocations=25 (full 3):
 PSYoungGen      total 400896K, used 46510K [0x00000000d5580000, 0x00000000f3880000, 0x0000000100000000)
  eden space 340992K, 0% used [0x00000000d5580000,0x00000000d5580000,0x00000000ea280000)
  from space 59904K, 77% used [0x00000000ee100000,0x00000000f0e6bb50,0x00000000f1b80000)
  to   space 64000K, 0% used [0x00000000ea280000,0x00000000ea280000,0x00000000ee100000)
 ParOldGen       total 214528K, used 140032K [0x0000000080000000, 0x000000008d180000, 0x00000000d5580000)
  object space 214528K, 65% used [0x0000000080000000,0x00000000888c00a8,0x000000008d180000)
 Metaspace       used 92092K, capacity 98457K, committed 98496K, reserved 1134592K
  class space    used 12174K, capacity 13401K, committed 13440K, reserved 1048576K
}
Event: 2039.001 GC heap before
{Heap before GC invocations=26 (full 4):
 PSYoungGen      total 400896K, used 46510K [0x00000000d5580000, 0x00000000f3880000, 0x0000000100000000)
  eden space 340992K, 0% used [0x00000000d5580000,0x00000000d5580000,0x00000000ea280000)
  from space 59904K, 77% used [0x00000000ee100000,0x00000000f0e6bb50,0x00000000f1b80000)
  to   space 64000K, 0% used [0x00000000ea280000,0x00000000ea280000,0x00000000ee100000)
 ParOldGen       total 214528K, used 140032K [0x0000000080000000, 0x000000008d180000, 0x00000000d5580000)
  object space 214528K, 65% used [0x0000000080000000,0x00000000888c00a8,0x000000008d180000)
 Metaspace       used 92092K, capacity 98457K, committed 98496K, reserved 1134592K
  class space    used 12174K, capacity 13401K, committed 13440K, reserved 1048576K
Event: 2039.260 GC heap after
Heap after GC invocations=26 (full 4):
 PSYoungGen      total 400896K, used 0K [0x00000000d5580000, 0x00000000f3880000, 0x0000000100000000)
  eden space 340992K, 0% used [0x00000000d5580000,0x00000000d5580000,0x00000000ea280000)
  from space 59904K, 0% used [0x00000000ee100000,0x00000000ee100000,0x00000000f1b80000)
  to   space 64000K, 0% used [0x00000000ea280000,0x00000000ea280000,0x00000000ee100000)
 ParOldGen       total 386560K, used 134879K [0x0000000080000000, 0x0000000097980000, 0x00000000d5580000)
  object space 386560K, 34% used [0x0000000080000000,0x00000000883b7ff8,0x0000000097980000)
 Metaspace       used 91197K, capacity 96251K, committed 98496K, reserved 1134592K
  class space    used 11931K, capacity 12973K, committed 13440K, reserved 1048576K
}
Event: 2040.770 GC heap before
{Heap before GC invocations=27 (full 4):
 PSYoungGen      total 400896K, used 340992K [0x00000000d5580000, 0x00000000f3880000, 0x0000000100000000)
  eden space 340992K, 100% used [0x00000000d5580000,0x00000000ea280000,0x00000000ea280000)
  from space 59904K, 0% used [0x00000000ee100000,0x00000000ee100000,0x00000000f1b80000)
  to   space 64000K, 0% used [0x00000000ea280000,0x00000000ea280000,0x00000000ee100000)
 ParOldGen       total 386560K, used 134955K [0x0000000080000000, 0x0000000097980000, 0x00000000d5580000)
  object space 386560K, 34% used [0x0000000080000000,0x00000000883cac58,0x0000000097980000)
 Metaspace       used 95901K, capacity 101167K, committed 102784K, reserved 1138688K
  class space    used 12520K, capacity 13593K, committed 13952K, reserved 1048576K
Event: 2040.789 GC heap after
Heap after GC invocations=27 (full 4):
 PSYoungGen      total 404992K, used 23259K [0x00000000d5580000, 0x00000000f5b00000, 0x0000000100000000)
  eden space 340992K, 0% used [0x00000000d5580000,0x00000000d5580000,0x00000000ea280000)
  from space 64000K, 36% used [0x00000000ea280000,0x00000000eb936f60,0x00000000ee100000)
  to   space 61440K, 0% used [0x00000000f1f00000,0x00000000f1f00000,0x00000000f5b00000)
 ParOldGen       total 386560K, used 134963K [0x0000000080000000, 0x0000000097980000, 0x00000000d5580000)
  object space 386560K, 34% used [0x0000000080000000,0x00000000883ccc58,0x0000000097980000)
 Metaspace       used 95901K, capacity 101167K, committed 102784K, reserved 1138688K
  class space    used 12520K, capacity 13593K, committed 13952K, reserved 1048576K
}
Event: 2041.655 GC heap before
{Heap before GC invocations=28 (full 4):
 PSYoungGen      total 404992K, used 364251K [0x00000000d5580000, 0x00000000f5b00000, 0x0000000100000000)
  eden space 340992K, 100% used [0x00000000d5580000,0x00000000ea280000,0x00000000ea280000)
  from space 64000K, 36% used [0x00000000ea280000,0x00000000eb936f60,0x00000000ee100000)
  to   space 61440K, 0% used [0x00000000f1f00000,0x00000000f1f00000,0x00000000f5b00000)
 ParOldGen       total 386560K, used 134965K [0x0000000080000000, 0x0000000097980000, 0x00000000d5580000)
  object space 386560K, 34% used [0x0000000080000000,0x00000000883cd668,0x0000000097980000)
 Metaspace       used 101000K, capacity 106835K, committed 107520K, reserved 1142784K
  class space    used 13325K, capacity 14471K, committed 14592K, reserved 1048576K
Event: 2041.694 GC heap after
Heap after GC invocations=28 (full 4):
 PSYoungGen      total 452608K, used 61414K [0x00000000d5580000, 0x00000000f7f00000, 0x0000000100000000)
  eden space 391168K, 0% used [0x00000000d5580000,0x00000000d5580000,0x00000000ed380000)
  from space 61440K, 99% used [0x00000000f1f00000,0x00000000f5af98c8,0x00000000f5b00000)
  to   space 77312K, 0% used [0x00000000ed380000,0x00000000ed380000,0x00000000f1f00000)
 ParOldGen       total 386560K, used 152764K [0x0000000080000000, 0x0000000097980000, 0x00000000d5580000)
  object space 386560K, 39% used [0x0000000080000000,0x000000008952f1a8,0x0000000097980000)
 Metaspace       used 101000K, capacity 106835K, committed 107520K, reserved 1142784K
  class space    used 13325K, capacity 14471K, committed 14592K, reserved 1048576K
}
Event: 2042.470 GC heap before
{Heap before GC invocations=29 (full 4):
 PSYoungGen      total 452608K, used 452582K [0x00000000d5580000, 0x00000000f7f00000, 0x0000000100000000)
  eden space 391168K, 100% used [0x00000000d5580000,0x00000000ed380000,0x00000000ed380000)
  from space 61440K, 99% used [0x00000000f1f00000,0x00000000f5af98c8,0x00000000f5b00000)
  to   space 77312K, 0% used [0x00000000ed380000,0x00000000ed380000,0x00000000f1f00000)
 ParOldGen       total 386560K, used 152764K [0x0000000080000000, 0x0000000097980000, 0x00000000d5580000)
  object space 386560K, 39% used [0x0000000080000000,0x000000008952f1a8,0x0000000097980000)
 Metaspace       used 103382K, capacity 109687K, committed 109952K, reserved 1144832K
  class space    used 13672K, capacity 14873K, committed 14976K, reserved 1048576K
Event: 2042.507 GC heap after
Heap after GC invocations=29 (full 4):
 PSYoungGen      total 468480K, used 77306K [0x00000000d5580000, 0x00000000fc280000, 0x0000000100000000)
  eden space 391168K, 0% used [0x00000000d5580000,0x00000000d5580000,0x00000000ed380000)
  from space 77312K, 99% used [0x00000000ed380000,0x00000000f1efea68,0x00000000f1f00000)
  to   space 90112K, 0% used [0x00000000f6a80000,0x00000000f6a80000,0x00000000fc280000)
 ParOldGen       total 386560K, used 156006K [0x0000000080000000, 0x0000000097980000, 0x00000000d5580000)
  object space 386560K, 40% used [0x0000000080000000,0x00000000898599f8,0x0000000097980000)
 Metaspace       used 103382K, capacity 109687K, committed 109952K, reserved 1144832K
  class space    used 13672K, capacity 14873K, committed 14976K, reserved 1048576K
}

