# JRE version: OpenJDK Runtime Environment (8.0_242-b01) (build 1.8.0_242-release-1644-b01)
# Java VM: OpenJDK 64-Bit Server VM (25.242-b01 mixed mode windows-amd64 compressed oops)
Heap:
 PSYoungGen      total 351232K, used 252707K [0x00000000d5580000, 0x00000000eeb00000, 0x0000000100000000)
  eden space 297984K, 72% used [0x00000000d5580000,0x00000000e29a9540,0x00000000e7880000)
  from space 53248K, 66% used [0x00000000eae00000,0x00000000ed09f808,0x00000000ee200000)
  to   space 54784K, 0% used [0x00000000e7880000,0x00000000e7880000,0x00000000eae00000)
 ParOldGen       total 354304K, used 98816K [0x0000000080000000, 0x0000000095a00000, 0x00000000d5580000)
  object space 354304K, 27% used [0x0000000080000000,0x00000000860803d8,0x0000000095a00000)
 Metaspace       used 105092K, capacity 112056K, committed 112332K, reserved 1146880K
  class space    used 14163K, capacity 15528K, committed 15616K, reserved 1048576K
GC Heap History (10 events):
Event: 768.812 GC heap before
{Heap before GC invocations=18 (full 3):
 PSYoungGen      total 243712K, used 243700K [0x00000000d5580000, 0x00000000ec980000, 0x0000000100000000)
  eden space 208384K, 100% used [0x00000000d5580000,0x00000000e2100000,0x00000000e2100000)
  from space 35328K, 99% used [0x00000000e5500000,0x00000000e777d330,0x00000000e7780000)
  to   space 53248K, 0% used [0x00000000e2100000,0x00000000e2100000,0x00000000e5500000)
 ParOldGen       total 218624K, used 87175K [0x0000000080000000, 0x000000008d580000, 0x00000000d5580000)
  object space 218624K, 39% used [0x0000000080000000,0x0000000085521f00,0x000000008d580000)
 Metaspace       used 83910K, capacity 88642K, committed 88792K, reserved 1126400K
  class space    used 11321K, capacity 12276K, committed 12288K, reserved 1048576K
Event: 768.830 GC heap after
Heap after GC invocations=18 (full 3):
 PSYoungGen      total 261632K, used 13472K [0x00000000d5580000, 0x00000000ebb00000, 0x0000000100000000)
  eden space 208384K, 0% used [0x00000000d5580000,0x00000000d5580000,0x00000000e2100000)
  from space 53248K, 25% used [0x00000000e2100000,0x00000000e2e280e8,0x00000000e5500000)
  to   space 51200K, 0% used [0x00000000e8900000,0x00000000e8900000,0x00000000ebb00000)
 ParOldGen       total 218624K, used 116800K [0x0000000080000000, 0x000000008d580000, 0x00000000d5580000)
  object space 218624K, 53% used [0x0000000080000000,0x00000000872101e8,0x000000008d580000)
 Metaspace       used 83910K, capacity 88642K, committed 88792K, reserved 1126400K
  class space    used 11321K, capacity 12276K, committed 12288K, reserved 1048576K
}
Event: 770.877 GC heap before
{Heap before GC invocations=19 (full 3):
 PSYoungGen      total 261632K, used 221856K [0x00000000d5580000, 0x00000000ebb00000, 0x0000000100000000)
  eden space 208384K, 100% used [0x00000000d5580000,0x00000000e2100000,0x00000000e2100000)
  from space 53248K, 25% used [0x00000000e2100000,0x00000000e2e280e8,0x00000000e5500000)
  to   space 51200K, 0% used [0x00000000e8900000,0x00000000e8900000,0x00000000ebb00000)
 ParOldGen       total 218624K, used 116800K [0x0000000080000000, 0x000000008d580000, 0x00000000d5580000)
  object space 218624K, 53% used [0x0000000080000000,0x00000000872101e8,0x000000008d580000)
 Metaspace       used 87623K, capacity 92342K, committed 92632K, reserved 1128448K
  class space    used 11745K, capacity 12706K, committed 12800K, reserved 1048576K
Event: 770.887 GC heap after
Heap after GC invocations=19 (full 3):
 PSYoungGen      total 297472K, used 22212K [0x00000000d5580000, 0x00000000eb000000, 0x0000000100000000)
  eden space 257536K, 0% used [0x00000000d5580000,0x00000000d5580000,0x00000000e5100000)
  from space 39936K, 55% used [0x00000000e8900000,0x00000000e9eb1298,0x00000000eb000000)
  to   space 48640K, 0% used [0x00000000e5100000,0x00000000e5100000,0x00000000e8080000)
 ParOldGen       total 218624K, used 116808K [0x0000000080000000, 0x000000008d580000, 0x00000000d5580000)
  object space 218624K, 53% used [0x0000000080000000,0x00000000872121e8,0x000000008d580000)
 Metaspace       used 87623K, capacity 92342K, committed 92632K, reserved 1128448K
  class space    used 11745K, capacity 12706K, committed 12800K, reserved 1048576K
}
Event: 771.819 GC heap before
{Heap before GC invocations=20 (full 3):
 PSYoungGen      total 297472K, used 203834K [0x00000000d5580000, 0x00000000eb000000, 0x0000000100000000)
  eden space 257536K, 70% used [0x00000000d5580000,0x00000000e06dd720,0x00000000e5100000)
  from space 39936K, 55% used [0x00000000e8900000,0x00000000e9eb1298,0x00000000eb000000)
  to   space 48640K, 0% used [0x00000000e5100000,0x00000000e5100000,0x00000000e8080000)
 ParOldGen       total 218624K, used 116808K [0x0000000080000000, 0x000000008d580000, 0x00000000d5580000)
  object space 218624K, 53% used [0x0000000080000000,0x00000000872121e8,0x000000008d580000)
 Metaspace       used 93293K, capacity 98258K, committed 98380K, reserved 1134592K
  class space    used 12430K, capacity 13420K, committed 13440K, reserved 1048576K
Event: 771.835 GC heap after
Heap after GC invocations=20 (full 3):
 PSYoungGen      total 306176K, used 39892K [0x00000000d5580000, 0x00000000ee200000, 0x0000000100000000)
  eden space 257536K, 0% used [0x00000000d5580000,0x00000000d5580000,0x00000000e5100000)
  from space 48640K, 82% used [0x00000000e5100000,0x00000000e77f53c8,0x00000000e8080000)
  to   space 53248K, 0% used [0x00000000eae00000,0x00000000eae00000,0x00000000ee200000)
 ParOldGen       total 218624K, used 116824K [0x0000000080000000, 0x000000008d580000, 0x00000000d5580000)
  object space 218624K, 53% used [0x0000000080000000,0x00000000872161e8,0x000000008d580000)
 Metaspace       used 93293K, capacity 98258K, committed 98380K, reserved 1134592K
  class space    used 12430K, capacity 13420K, committed 13440K, reserved 1048576K
}
Event: 771.835 GC heap before
{Heap before GC invocations=21 (full 4):
 PSYoungGen      total 306176K, used 39892K [0x00000000d5580000, 0x00000000ee200000, 0x0000000100000000)
  eden space 257536K, 0% used [0x00000000d5580000,0x00000000d5580000,0x00000000e5100000)
  from space 48640K, 82% used [0x00000000e5100000,0x00000000e77f53c8,0x00000000e8080000)
  to   space 53248K, 0% used [0x00000000eae00000,0x00000000eae00000,0x00000000ee200000)
 ParOldGen       total 218624K, used 116824K [0x0000000080000000, 0x000000008d580000, 0x00000000d5580000)
  object space 218624K, 53% used [0x0000000080000000,0x00000000872161e8,0x000000008d580000)
 Metaspace       used 93293K, capacity 98258K, committed 98380K, reserved 1134592K
  class space    used 12430K, capacity 13420K, committed 13440K, reserved 1048576K
Event: 772.002 GC heap after
Heap after GC invocations=21 (full 4):
 PSYoungGen      total 306176K, used 0K [0x00000000d5580000, 0x00000000ee200000, 0x0000000100000000)
  eden space 257536K, 0% used [0x00000000d5580000,0x00000000d5580000,0x00000000e5100000)
  from space 48640K, 0% used [0x00000000e5100000,0x00000000e5100000,0x00000000e8080000)
  to   space 53248K, 0% used [0x00000000eae00000,0x00000000eae00000,0x00000000ee200000)
 ParOldGen       total 354304K, used 98808K [0x0000000080000000, 0x0000000095a00000, 0x00000000d5580000)
  object space 354304K, 27% used [0x0000000080000000,0x000000008607e3d8,0x0000000095a00000)
 Metaspace       used 92935K, capacity 97182K, committed 98380K, reserved 1134592K
  class space    used 12319K, capacity 13222K, committed 13440K, reserved 1048576K
}
Event: 773.913 GC heap before
{Heap before GC invocations=22 (full 4):
 PSYoungGen      total 306176K, used 257536K [0x00000000d5580000, 0x00000000ee200000, 0x0000000100000000)
  eden space 257536K, 100% used [0x00000000d5580000,0x00000000e5100000,0x00000000e5100000)
  from space 48640K, 0% used [0x00000000e5100000,0x00000000e5100000,0x00000000e8080000)
  to   space 53248K, 0% used [0x00000000eae00000,0x00000000eae00000,0x00000000ee200000)
 ParOldGen       total 354304K, used 98808K [0x0000000080000000, 0x0000000095a00000, 0x00000000d5580000)
  object space 354304K, 27% used [0x0000000080000000,0x000000008607e3d8,0x0000000095a00000)
 Metaspace       used 101767K, capacity 107978K, committed 108108K, reserved 1142784K
  class space    used 13690K, capacity 14925K, committed 14976K, reserved 1048576K
Event: 773.938 GC heap after
Heap after GC invocations=22 (full 4):
 PSYoungGen      total 351232K, used 35454K [0x00000000d5580000, 0x00000000eeb00000, 0x0000000100000000)
  eden space 297984K, 0% used [0x00000000d5580000,0x00000000d5580000,0x00000000e7880000)
  from space 53248K, 66% used [0x00000000eae00000,0x00000000ed09f808,0x00000000ee200000)
  to   space 54784K, 0% used [0x00000000e7880000,0x00000000e7880000,0x00000000eae00000)
 ParOldGen       total 354304K, used 98816K [0x0000000080000000, 0x0000000095a00000, 0x00000000d5580000)
  object space 354304K, 27% used [0x0000000080000000,0x00000000860803d8,0x0000000095a00000)
 Metaspace       used 101767K, capacity 107978K, committed 108108K, reserved 1142784K
  class space    used 13690K, capacity 14925K, committed 14976K, reserved 1048576K
}

