# JRE version: OpenJDK Runtime Environment (8.0_242-b01) (build 1.8.0_242-release-1644-b01)
# Java VM: OpenJDK 64-Bit Server VM (25.242-b01 mixed mode windows-amd64 compressed oops)
Heap:
 PSYoungGen      total 585216K, used 281103K [0x00000000d5580000, 0x0000000100000000, 0x0000000100000000)
  eden space 505344K, 39% used [0x00000000d5580000,0x00000000e1a081f0,0x00000000f4300000)
  from space 79872K, 99% used [0x00000000faf00000,0x00000000ffcfbd20,0x00000000ffd00000)
  to   space 96768K, 0% used [0x00000000f4300000,0x00000000f4300000,0x00000000fa180000)
 ParOldGen       total 441344K, used 118499K [0x0000000080000000, 0x000000009af00000, 0x00000000d5580000)
  object space 441344K, 26% used [0x0000000080000000,0x00000000873b8db8,0x000000009af00000)
 Metaspace       used 121444K, capacity 130996K, committed 131224K, reserved 1163264K
  class space    used 15547K, capacity 17197K, committed 17328K, reserved 1048576K
GC Heap History (10 events):
Event: 9413.563 GC heap before
{Heap before GC invocations=75 (full 4):
 PSYoungGen      total 623616K, used 558007K [0x00000000d5580000, 0x00000000ff980000, 0x0000000100000000)
  eden space 553472K, 100% used [0x00000000d5580000,0x00000000f7200000,0x00000000f7200000)
  from space 70144K, 6% used [0x00000000fb480000,0x00000000fb8edc98,0x00000000ff900000)
  to   space 68096K, 0% used [0x00000000f7200000,0x00000000f7200000,0x00000000fb480000)
 ParOldGen       total 368128K, used 287675K [0x0000000080000000, 0x0000000096780000, 0x00000000d5580000)
  object space 368128K, 78% used [0x0000000080000000,0x00000000918eef60,0x0000000096780000)
 Metaspace       used 111670K, capacity 120962K, committed 121112K, reserved 1155072K
  class space    used 14484K, capacity 16054K, committed 16176K, reserved 1048576K
Event: 9413.608 GC heap after
Heap after GC invocations=75 (full 4):
 PSYoungGen      total 621568K, used 68079K [0x00000000d5580000, 0x0000000100000000, 0x0000000100000000)
  eden space 553472K, 0% used [0x00000000d5580000,0x00000000d5580000,0x00000000f7200000)
  from space 68096K, 99% used [0x00000000f7200000,0x00000000fb47bcb0,0x00000000fb480000)
  to   space 77312K, 0% used [0x00000000fb480000,0x00000000fb480000,0x0000000100000000)
 ParOldGen       total 368128K, used 314541K [0x0000000080000000, 0x0000000096780000, 0x00000000d5580000)
  object space 368128K, 85% used [0x0000000080000000,0x000000009332b470,0x0000000096780000)
 Metaspace       used 111670K, capacity 120962K, committed 121112K, reserved 1155072K
  class space    used 14484K, capacity 16054K, committed 16176K, reserved 1048576K
}
Event: 9591.779 GC heap before
{Heap before GC invocations=76 (full 4):
 PSYoungGen      total 621568K, used 621551K [0x00000000d5580000, 0x0000000100000000, 0x0000000100000000)
  eden space 553472K, 100% used [0x00000000d5580000,0x00000000f7200000,0x00000000f7200000)
  from space 68096K, 99% used [0x00000000f7200000,0x00000000fb47bcb0,0x00000000fb480000)
  to   space 77312K, 0% used [0x00000000fb480000,0x00000000fb480000,0x0000000100000000)
 ParOldGen       total 368128K, used 314541K [0x0000000080000000, 0x0000000096780000, 0x00000000d5580000)
  object space 368128K, 85% used [0x0000000080000000,0x000000009332b470,0x0000000096780000)
 Metaspace       used 111919K, capacity 121354K, committed 121624K, reserved 1155072K
  class space    used 14496K, capacity 16062K, committed 16176K, reserved 1048576K
Event: 9591.813 GC heap after
Heap after GC invocations=76 (full 4):
 PSYoungGen      total 605184K, used 23032K [0x00000000d5580000, 0x0000000100000000, 0x0000000100000000)
  eden space 527872K, 0% used [0x00000000d5580000,0x00000000d5580000,0x00000000f5900000)
  from space 77312K, 29% used [0x00000000fb480000,0x00000000fcafe2b8,0x0000000100000000)
  to   space 85504K, 0% used [0x00000000f5900000,0x00000000f5900000,0x00000000fac80000)
 ParOldGen       total 368128K, used 342194K [0x0000000080000000, 0x0000000096780000, 0x00000000d5580000)
  object space 368128K, 92% used [0x0000000080000000,0x0000000094e2c808,0x0000000096780000)
 Metaspace       used 111919K, capacity 121354K, committed 121624K, reserved 1155072K
  class space    used 14496K, capacity 16062K, committed 16176K, reserved 1048576K
}
Event: 9591.813 GC heap before
{Heap before GC invocations=77 (full 5):
 PSYoungGen      total 605184K, used 23032K [0x00000000d5580000, 0x0000000100000000, 0x0000000100000000)
  eden space 527872K, 0% used [0x00000000d5580000,0x00000000d5580000,0x00000000f5900000)
  from space 77312K, 29% used [0x00000000fb480000,0x00000000fcafe2b8,0x0000000100000000)
  to   space 85504K, 0% used [0x00000000f5900000,0x00000000f5900000,0x00000000fac80000)
 ParOldGen       total 368128K, used 342194K [0x0000000080000000, 0x0000000096780000, 0x00000000d5580000)
  object space 368128K, 92% used [0x0000000080000000,0x0000000094e2c808,0x0000000096780000)
 Metaspace       used 111919K, capacity 121354K, committed 121624K, reserved 1155072K
  class space    used 14496K, capacity 16062K, committed 16176K, reserved 1048576K
Event: 9591.977 GC heap after
Heap after GC invocations=77 (full 5):
 PSYoungGen      total 605184K, used 0K [0x00000000d5580000, 0x0000000100000000, 0x0000000100000000)
  eden space 527872K, 0% used [0x00000000d5580000,0x00000000d5580000,0x00000000f5900000)
  from space 77312K, 0% used [0x00000000fb480000,0x00000000fb480000,0x0000000100000000)
  to   space 85504K, 0% used [0x00000000f5900000,0x00000000f5900000,0x00000000fac80000)
 ParOldGen       total 441344K, used 112403K [0x0000000080000000, 0x000000009af00000, 0x00000000d5580000)
  object space 441344K, 25% used [0x0000000080000000,0x0000000086dc4d80,0x000000009af00000)
 Metaspace       used 111596K, capacity 120700K, committed 121624K, reserved 1155072K
  class space    used 14420K, capacity 15922K, committed 16176K, reserved 1048576K
}
Event: 13043.583 GC heap before
{Heap before GC invocations=78 (full 5):
 PSYoungGen      total 605184K, used 527872K [0x00000000d5580000, 0x0000000100000000, 0x0000000100000000)
  eden space 527872K, 100% used [0x00000000d5580000,0x00000000f5900000,0x00000000f5900000)
  from space 77312K, 0% used [0x00000000fb480000,0x00000000fb480000,0x0000000100000000)
  to   space 85504K, 0% used [0x00000000f5900000,0x00000000f5900000,0x00000000fac80000)
 ParOldGen       total 441344K, used 112403K [0x0000000080000000, 0x000000009af00000, 0x00000000d5580000)
  object space 441344K, 25% used [0x0000000080000000,0x0000000086dc4d80,0x000000009af00000)
 Metaspace       used 120365K, capacity 129858K, committed 130456K, reserved 1163264K
  class space    used 15475K, capacity 17117K, committed 17328K, reserved 1048576K
Event: 13043.599 GC heap after
Heap after GC invocations=78 (full 5):
 PSYoungGen      total 613376K, used 22995K [0x00000000d5580000, 0x00000000ffd00000, 0x0000000100000000)
  eden space 527872K, 0% used [0x00000000d5580000,0x00000000d5580000,0x00000000f5900000)
  from space 85504K, 26% used [0x00000000f5900000,0x00000000f6f74f70,0x00000000fac80000)
  to   space 79872K, 0% used [0x00000000faf00000,0x00000000faf00000,0x00000000ffd00000)
 ParOldGen       total 441344K, used 112411K [0x0000000080000000, 0x000000009af00000, 0x00000000d5580000)
  object space 441344K, 25% used [0x0000000080000000,0x0000000086dc6d80,0x000000009af00000)
 Metaspace       used 120365K, capacity 129858K, committed 130456K, reserved 1163264K
  class space    used 15475K, capacity 17117K, committed 17328K, reserved 1048576K
}
Event: 13325.467 GC heap before
{Heap before GC invocations=79 (full 5):
 PSYoungGen      total 613376K, used 550867K [0x00000000d5580000, 0x00000000ffd00000, 0x0000000100000000)
  eden space 527872K, 100% used [0x00000000d5580000,0x00000000f5900000,0x00000000f5900000)
  from space 85504K, 26% used [0x00000000f5900000,0x00000000f6f74f70,0x00000000fac80000)
  to   space 79872K, 0% used [0x00000000faf00000,0x00000000faf00000,0x00000000ffd00000)
 ParOldGen       total 441344K, used 112411K [0x0000000080000000, 0x000000009af00000, 0x00000000d5580000)
  object space 441344K, 25% used [0x0000000080000000,0x0000000086dc6d80,0x000000009af00000)
 Metaspace       used 121080K, capacity 130598K, committed 130968K, reserved 1163264K
  class space    used 15505K, capacity 17136K, committed 17328K, reserved 1048576K
Event: 13325.498 GC heap after
Heap after GC invocations=79 (full 5):
 PSYoungGen      total 585216K, used 79855K [0x00000000d5580000, 0x0000000100000000, 0x0000000100000000)
  eden space 505344K, 0% used [0x00000000d5580000,0x00000000d5580000,0x00000000f4300000)
  from space 79872K, 99% used [0x00000000faf00000,0x00000000ffcfbd20,0x00000000ffd00000)
  to   space 96768K, 0% used [0x00000000f4300000,0x00000000f4300000,0x00000000fa180000)
 ParOldGen       total 441344K, used 118499K [0x0000000080000000, 0x000000009af00000, 0x00000000d5580000)
  object space 441344K, 26% used [0x0000000080000000,0x00000000873b8db8,0x000000009af00000)
 Metaspace       used 121080K, capacity 130598K, committed 130968K, reserved 1163264K
  class space    used 15505K, capacity 17136K, committed 17328K, reserved 1048576K
}

