# JRE version: OpenJDK Runtime Environment (8.0_242-b01) (build 1.8.0_242-release-1644-b01)
# Java VM: OpenJDK 64-Bit Server VM (25.242-b01 mixed mode windows-amd64 compressed oops)
Heap:
 PSYoungGen      total 500736K, used 113756K [0x00000000d5580000, 0x00000000fdc80000, 0x0000000100000000)
  eden space 444416K, 19% used [0x00000000d5580000,0x00000000dabfc818,0x00000000f0780000)
  from space 56320K, 44% used [0x00000000f0780000,0x00000000f201a9b0,0x00000000f3e80000)
  to   space 68608K, 0% used [0x00000000f9980000,0x00000000f9980000,0x00000000fdc80000)
 ParOldGen       total 220160K, used 108259K [0x0000000080000000, 0x000000008d700000, 0x00000000d5580000)
  object space 220160K, 49% used [0x0000000080000000,0x00000000869b8d70,0x000000008d700000)
 Metaspace       used 82391K, capacity 88826K, committed 88856K, reserved 1126400K
  class space    used 11422K, capacity 12569K, committed 12592K, reserved 1048576K
GC Heap History (10 events):
Event: 10.168 GC heap before
{Heap before GC invocations=16 (full 3):
 PSYoungGen      total 493568K, used 492480K [0x00000000d5580000, 0x00000000f8000000, 0x0000000100000000)
  eden space 444416K, 100% used [0x00000000d5580000,0x00000000f0780000,0x00000000f0780000)
  from space 49152K, 97% used [0x00000000f3e80000,0x00000000f6d70350,0x00000000f6e80000)
  to   space 56320K, 0% used [0x00000000f0780000,0x00000000f0780000,0x00000000f3e80000)
 ParOldGen       total 220160K, used 72407K [0x0000000080000000, 0x000000008d700000, 0x00000000d5580000)
  object space 220160K, 32% used [0x0000000080000000,0x00000000846b5c88,0x000000008d700000)
 Metaspace       used 81959K, capacity 88392K, committed 88600K, reserved 1126400K
  class space    used 11410K, capacity 12564K, committed 12592K, reserved 1048576K
Event: 10.192 GC heap after
Heap after GC invocations=16 (full 3):
 PSYoungGen      total 500736K, used 51120K [0x00000000d5580000, 0x00000000f8000000, 0x0000000100000000)
  eden space 444416K, 0% used [0x00000000d5580000,0x00000000d5580000,0x00000000f0780000)
  from space 56320K, 90% used [0x00000000f0780000,0x00000000f396c2b8,0x00000000f3e80000)
  to   space 49152K, 0% used [0x00000000f3e80000,0x00000000f3e80000,0x00000000f6e80000)
 ParOldGen       total 220160K, used 72415K [0x0000000080000000, 0x000000008d700000, 0x00000000d5580000)
  object space 220160K, 32% used [0x0000000080000000,0x00000000846b7c88,0x000000008d700000)
 Metaspace       used 81959K, capacity 88392K, committed 88600K, reserved 1126400K
  class space    used 11410K, capacity 12564K, committed 12592K, reserved 1048576K
}
Event: 10.680 GC heap before
{Heap before GC invocations=17 (full 3):
 PSYoungGen      total 500736K, used 495536K [0x00000000d5580000, 0x00000000f8000000, 0x0000000100000000)
  eden space 444416K, 100% used [0x00000000d5580000,0x00000000f0780000,0x00000000f0780000)
  from space 56320K, 90% used [0x00000000f0780000,0x00000000f396c2b8,0x00000000f3e80000)
  to   space 49152K, 0% used [0x00000000f3e80000,0x00000000f3e80000,0x00000000f6e80000)
 ParOldGen       total 220160K, used 72415K [0x0000000080000000, 0x000000008d700000, 0x00000000d5580000)
  object space 220160K, 32% used [0x0000000080000000,0x00000000846b7c88,0x000000008d700000)
 Metaspace       used 81995K, capacity 88396K, committed 88600K, reserved 1126400K
  class space    used 11410K, capacity 12564K, committed 12592K, reserved 1048576K
Event: 10.699 GC heap after
Heap after GC invocations=17 (full 3):
 PSYoungGen      total 493568K, used 49146K [0x00000000d5580000, 0x00000000f8000000, 0x0000000100000000)
  eden space 444416K, 0% used [0x00000000d5580000,0x00000000d5580000,0x00000000f0780000)
  from space 49152K, 99% used [0x00000000f3e80000,0x00000000f6e7eb68,0x00000000f6e80000)
  to   space 56320K, 0% used [0x00000000f0780000,0x00000000f0780000,0x00000000f3e80000)
 ParOldGen       total 220160K, used 78601K [0x0000000080000000, 0x000000008d700000, 0x00000000d5580000)
  object space 220160K, 35% used [0x0000000080000000,0x0000000084cc24c0,0x000000008d700000)
 Metaspace       used 81995K, capacity 88396K, committed 88600K, reserved 1126400K
  class space    used 11410K, capacity 12564K, committed 12592K, reserved 1048576K
}
Event: 11.115 GC heap before
{Heap before GC invocations=18 (full 3):
 PSYoungGen      total 493568K, used 493562K [0x00000000d5580000, 0x00000000f8000000, 0x0000000100000000)
  eden space 444416K, 100% used [0x00000000d5580000,0x00000000f0780000,0x00000000f0780000)
  from space 49152K, 99% used [0x00000000f3e80000,0x00000000f6e7eb68,0x00000000f6e80000)
  to   space 56320K, 0% used [0x00000000f0780000,0x00000000f0780000,0x00000000f3e80000)
 ParOldGen       total 220160K, used 78601K [0x0000000080000000, 0x000000008d700000, 0x00000000d5580000)
  object space 220160K, 35% used [0x0000000080000000,0x0000000084cc24c0,0x000000008d700000)
 Metaspace       used 82022K, capacity 88466K, committed 88600K, reserved 1126400K
  class space    used 11411K, capacity 12565K, committed 12592K, reserved 1048576K
Event: 11.139 GC heap after
Heap after GC invocations=18 (full 3):
 PSYoungGen      total 500736K, used 38780K [0x00000000d5580000, 0x00000000f8000000, 0x0000000100000000)
  eden space 444416K, 0% used [0x00000000d5580000,0x00000000d5580000,0x00000000f0780000)
  from space 56320K, 68% used [0x00000000f0780000,0x00000000f2d5f118,0x00000000f3e80000)
  to   space 49152K, 0% used [0x00000000f3e80000,0x00000000f3e80000,0x00000000f6e80000)
 ParOldGen       total 220160K, used 91430K [0x0000000080000000, 0x000000008d700000, 0x00000000d5580000)
  object space 220160K, 41% used [0x0000000080000000,0x0000000085949b18,0x000000008d700000)
 Metaspace       used 82022K, capacity 88466K, committed 88600K, reserved 1126400K
  class space    used 11411K, capacity 12565K, committed 12592K, reserved 1048576K
}
Event: 11.630 GC heap before
{Heap before GC invocations=19 (full 3):
 PSYoungGen      total 500736K, used 483196K [0x00000000d5580000, 0x00000000f8000000, 0x0000000100000000)
  eden space 444416K, 100% used [0x00000000d5580000,0x00000000f0780000,0x00000000f0780000)
  from space 56320K, 68% used [0x00000000f0780000,0x00000000f2d5f118,0x00000000f3e80000)
  to   space 49152K, 0% used [0x00000000f3e80000,0x00000000f3e80000,0x00000000f6e80000)
 ParOldGen       total 220160K, used 91430K [0x0000000080000000, 0x000000008d700000, 0x00000000d5580000)
  object space 220160K, 41% used [0x0000000080000000,0x0000000085949b18,0x000000008d700000)
 Metaspace       used 82086K, capacity 88470K, committed 88600K, reserved 1126400K
  class space    used 11418K, capacity 12565K, committed 12592K, reserved 1048576K
Event: 11.648 GC heap after
Heap after GC invocations=19 (full 3):
 PSYoungGen      total 493568K, used 43777K [0x00000000d5580000, 0x00000000f8000000, 0x0000000100000000)
  eden space 444416K, 0% used [0x00000000d5580000,0x00000000d5580000,0x00000000f0780000)
  from space 49152K, 89% used [0x00000000f3e80000,0x00000000f6940628,0x00000000f6e80000)
  to   space 56320K, 0% used [0x00000000f0780000,0x00000000f0780000,0x00000000f3e80000)
 ParOldGen       total 220160K, used 91438K [0x0000000080000000, 0x000000008d700000, 0x00000000d5580000)
  object space 220160K, 41% used [0x0000000080000000,0x000000008594bb18,0x000000008d700000)
 Metaspace       used 82086K, capacity 88470K, committed 88600K, reserved 1126400K
  class space    used 11418K, capacity 12565K, committed 12592K, reserved 1048576K
}
Event: 12.444 GC heap before
{Heap before GC invocations=20 (full 3):
 PSYoungGen      total 493568K, used 488193K [0x00000000d5580000, 0x00000000f8000000, 0x0000000100000000)
  eden space 444416K, 100% used [0x00000000d5580000,0x00000000f0780000,0x00000000f0780000)
  from space 49152K, 89% used [0x00000000f3e80000,0x00000000f6940628,0x00000000f6e80000)
  to   space 56320K, 0% used [0x00000000f0780000,0x00000000f0780000,0x00000000f3e80000)
 ParOldGen       total 220160K, used 91438K [0x0000000080000000, 0x000000008d700000, 0x00000000d5580000)
  object space 220160K, 41% used [0x0000000080000000,0x000000008594bb18,0x000000008d700000)
 Metaspace       used 82370K, capacity 88762K, committed 88856K, reserved 1126400K
  class space    used 11420K, capacity 12569K, committed 12592K, reserved 1048576K
Event: 12.462 GC heap after
Heap after GC invocations=20 (full 3):
 PSYoungGen      total 500736K, used 25194K [0x00000000d5580000, 0x00000000fdc80000, 0x0000000100000000)
  eden space 444416K, 0% used [0x00000000d5580000,0x00000000d5580000,0x00000000f0780000)
  from space 56320K, 44% used [0x00000000f0780000,0x00000000f201a9b0,0x00000000f3e80000)
  to   space 68608K, 0% used [0x00000000f9980000,0x00000000f9980000,0x00000000fdc80000)
 ParOldGen       total 220160K, used 108259K [0x0000000080000000, 0x000000008d700000, 0x00000000d5580000)
  object space 220160K, 49% used [0x0000000080000000,0x00000000869b8d70,0x000000008d700000)
 Metaspace       used 82370K, capacity 88762K, committed 88856K, reserved 1126400K
  class space    used 11420K, capacity 12569K, committed 12592K, reserved 1048576K
}

